Nonterminals useless in grammar

   K
   P


Terminals unused in grammar

   '.'
   AR


Rules useless in grammar

   87 K: /* 空白 */

   88 P: /* 空白 */


Rules useless in parser due to conflicts

   66 expr: expr '%' expr


狀態 149 衝突：21 項縮減/縮減


文法

    0 $accept: prog $end

    1 prog: Mprog exts

    2 Mprog: /* 空白 */

    3 else_stmt: ELSE stmt

    4 exts: exts func
    5     | exts decl
    6     | /* 空白 */

    7 func: MAIN '(' ')' Mmain block
    8     | type ID '(' Margs args ')' block

    9 Mmain: /* 空白 */

   10 Margs: /* 空白 */

   11 block: '{' decls stmts '}'

   12 decls: decls decl
   13      | /* 空白 */

   14 decl: list ';'

   15 type: VOID
   16     | INT
   17     | FLOAT

   18 args: args ',' type ID
   19     | type ID

   20 list: list ',' ID
   21     | type ID

   22 stmts: stmts stmt
   23      | /* 空白 */

   24 stmt: ';'
   25     | expr ';'
   26     | IF '(' expr M ')' stmt N L else_stmt L
   27     | WHILE '(' L expr M ')' stmt N L
   28     | DO L stmt WHILE '(' expr M N L ')' ';'
   29     | FOR '(' expr O ';' L expr M N ';' L expr O N ')' L stmt
   30     | RETURN expr ';'
   31     | BREAK ';'
   32     | '{' stmts '}'
   33     | error ';'

   34 exprs: exprs ',' expr
   35      | expr

   36 expr: ID '=' expr
   37     | ID PA expr
   38     | ID NA expr
   39     | ID TA expr
   40     | ID DA expr
   41     | ID MA expr
   42     | ID AA expr
   43     | ID XA expr
   44     | ID OA expr
   45     | ID LA expr
   46     | ID RA expr
   47     | ID
   48     | expr OR expr
   49     | expr AN expr
   50     | expr '|' expr
   51     | expr '^' expr
   52     | expr '&' expr
   53     | expr EQ expr
   54     | expr NE expr
   55     | expr '<' expr
   56     | expr '>' expr
   57     | expr LE expr
   58     | expr GE expr
   59     | expr LS expr
   60     | expr RS expr
   61     | expr '+' expr
   62     | expr '-' expr
   63     | expr '*' expr
   64     | expr '/' expr
   65     | expr '%' expr
   66     | expr '%' expr
   67     | '!' expr
   68     | '~' expr
   69     | '+' expr
   70     | '-' expr
   71     | '(' expr ')'
   72     | '$' INT8
   73     | PP ID
   74     | NN ID
   75     | ID PP
   76     | ID NN
   77     | INT8
   78     | INT16
   79     | INT32
   80     | FLT
   81     | STR
   82     | ID '(' exprs ')'

   83 L: /* 空白 */

   84 M: /* 空白 */

   85 N: /* 空白 */

   86 O: /* 空白 */


終結語詞，附有它們出現處的規則

$end (0) 0
'!' (33) 67
'$' (36) 72
'%' (37) 65 66
'&' (38) 52
'(' (40) 7 8 26 27 28 29 71 82
')' (41) 7 8 26 27 28 29 71 82
'*' (42) 63
'+' (43) 61 69
',' (44) 18 20 34
'-' (45) 62 70
'.' (46)
'/' (47) 64
';' (59) 14 24 25 28 29 30 31 33
'<' (60) 55
'=' (61) 36
'>' (62) 56
'^' (94) 51
'{' (123) 11 32
'|' (124) 50
'}' (125) 11 32
'~' (126) 68
error (256) 33
ID (258) 8 18 19 20 21 36 37 38 39 40 41 42 43 44 45 46 47 73 74 75
    76 82
INT8 (259) 72 77
INT16 (260) 78
INT32 (261) 79
FLT (262) 80
STR (263) 81
DO (264) 28
ELSE (265) 3
FLOAT (266) 17
FOR (267) 29
IF (268) 26
INT (269) 16
MAIN (270) 7
RETURN (271) 30
VOID (272) 15
WHILE (273) 27 28
BREAK (274) 31
RA (275) 46
LA (276) 45
OA (277) 44
XA (278) 43
AA (279) 42
MA (280) 41
DA (281) 40
TA (282) 39
NA (283) 38
PA (284) 37
OR (285) 48
AN (286) 49
GE (287) 58
LE (288) 57
NE (289) 54
EQ (290) 53
RS (291) 60
LS (292) 59
NN (293) 74 76
PP (294) 73 75
AR (295)


非終結語詞，附有它們出現處的規則

$accept (62)
    於左側： 0
prog (63)
    於左側： 1, 於右側： 0
Mprog (64)
    於左側： 2, 於右側： 1
else_stmt (65)
    於左側： 3, 於右側： 26
exts (66)
    於左側： 4 5 6, 於右側： 1 4 5
func (67)
    於左側： 7 8, 於右側： 4
Mmain (68)
    於左側： 9, 於右側： 7
Margs (69)
    於左側： 10, 於右側： 8
block (70)
    於左側： 11, 於右側： 7 8
decls (71)
    於左側： 12 13, 於右側： 11 12
decl (72)
    於左側： 14, 於右側： 5 12
type (73)
    於左側： 15 16 17, 於右側： 8 18 19 21
args (74)
    於左側： 18 19, 於右側： 8 18
list (75)
    於左側： 20 21, 於右側： 14 20
stmts (76)
    於左側： 22 23, 於右側： 11 22 32
stmt (77)
    於左側： 24 25 26 27 28 29 30 31 32 33, 於右側： 3 22 26
    27 28 29
exprs (78)
    於左側： 34 35, 於右側： 34 82
expr (79)
    於左側： 36 37 38 39 40 41 42 43 44 45 46 47 48 49 50 51 52
    53 54 55 56 57 58 59 60 61 62 63 64 65 66 67 68 69 70 71 72 73
    74 75 76 77 78 79 80 81 82, 於右側： 25 26 27 28 29 30 34 35
    36 37 38 39 40 41 42 43 44 45 46 48 49 50 51 52 53 54 55 56 57
    58 59 60 61 62 63 64 65 66 67 68 69 70 71
L (80)
    於左側： 83, 於右側： 26 27 28 29
M (81)
    於左側： 84, 於右側： 26 27 28 29
N (82)
    於左側： 85, 於右側： 26 27 28 29
O (83)
    於左側： 86, 於右側： 29


狀態 0

    0 $accept: . prog $end

    $預設  使用規則 2 以縮減 (Mprog)

    prog   進入狀態 1
    Mprog  進入狀態 2


狀態 1

    0 $accept: prog . $end

    $end  偏移，並進入狀態 3


狀態 2

    1 prog: Mprog . exts

    $預設  使用規則 6 以縮減 (exts)

    exts  進入狀態 4


狀態 3

    0 $accept: prog $end .

    $預設  接受


狀態 4

    1 prog: Mprog exts .
    4 exts: exts . func
    5     | exts . decl

    FLOAT  偏移，並進入狀態 5
    INT    偏移，並進入狀態 6
    MAIN   偏移，並進入狀態 7
    VOID   偏移，並進入狀態 8

    $預設  使用規則 1 以縮減 (prog)

    func  進入狀態 9
    decl  進入狀態 10
    type  進入狀態 11
    list  進入狀態 12


狀態 5

   17 type: FLOAT .

    $預設  使用規則 17 以縮減 (type)


狀態 6

   16 type: INT .

    $預設  使用規則 16 以縮減 (type)


狀態 7

    7 func: MAIN . '(' ')' Mmain block

    '('  偏移，並進入狀態 13


狀態 8

   15 type: VOID .

    $預設  使用規則 15 以縮減 (type)


狀態 9

    4 exts: exts func .

    $預設  使用規則 4 以縮減 (exts)


狀態 10

    5 exts: exts decl .

    $預設  使用規則 5 以縮減 (exts)


狀態 11

    8 func: type . ID '(' Margs args ')' block
   21 list: type . ID

    ID  偏移，並進入狀態 14


狀態 12

   14 decl: list . ';'
   20 list: list . ',' ID

    ';'  偏移，並進入狀態 15
    ','  偏移，並進入狀態 16


狀態 13

    7 func: MAIN '(' . ')' Mmain block

    ')'  偏移，並進入狀態 17


狀態 14

    8 func: type ID . '(' Margs args ')' block
   21 list: type ID .

    '('  偏移，並進入狀態 18

    $預設  使用規則 21 以縮減 (list)


狀態 15

   14 decl: list ';' .

    $預設  使用規則 14 以縮減 (decl)


狀態 16

   20 list: list ',' . ID

    ID  偏移，並進入狀態 19


狀態 17

    7 func: MAIN '(' ')' . Mmain block

    $預設  使用規則 9 以縮減 (Mmain)

    Mmain  進入狀態 20


狀態 18

    8 func: type ID '(' . Margs args ')' block

    $預設  使用規則 10 以縮減 (Margs)

    Margs  進入狀態 21


狀態 19

   20 list: list ',' ID .

    $預設  使用規則 20 以縮減 (list)


狀態 20

    7 func: MAIN '(' ')' Mmain . block

    '{'  偏移，並進入狀態 22

    block  進入狀態 23


狀態 21

    8 func: type ID '(' Margs . args ')' block

    FLOAT  偏移，並進入狀態 5
    INT    偏移，並進入狀態 6
    VOID   偏移，並進入狀態 8

    type  進入狀態 24
    args  進入狀態 25


狀態 22

   11 block: '{' . decls stmts '}'

    $預設  使用規則 13 以縮減 (decls)

    decls  進入狀態 26


狀態 23

    7 func: MAIN '(' ')' Mmain block .

    $預設  使用規則 7 以縮減 (func)


狀態 24

   19 args: type . ID

    ID  偏移，並進入狀態 27


狀態 25

    8 func: type ID '(' Margs args . ')' block
   18 args: args . ',' type ID

    ')'  偏移，並進入狀態 28
    ','  偏移，並進入狀態 29


狀態 26

   11 block: '{' decls . stmts '}'
   12 decls: decls . decl

    FLOAT  偏移，並進入狀態 5
    INT    偏移，並進入狀態 6
    VOID   偏移，並進入狀態 8

    $預設  使用規則 23 以縮減 (stmts)

    decl   進入狀態 30
    type   進入狀態 31
    list   進入狀態 12
    stmts  進入狀態 32


狀態 27

   19 args: type ID .

    $預設  使用規則 19 以縮減 (args)


狀態 28

    8 func: type ID '(' Margs args ')' . block

    '{'  偏移，並進入狀態 22

    block  進入狀態 33


狀態 29

   18 args: args ',' . type ID

    FLOAT  偏移，並進入狀態 5
    INT    偏移，並進入狀態 6
    VOID   偏移，並進入狀態 8

    type  進入狀態 34


狀態 30

   12 decls: decls decl .

    $預設  使用規則 12 以縮減 (decls)


狀態 31

   21 list: type . ID

    ID  偏移，並進入狀態 35


狀態 32

   11 block: '{' decls stmts . '}'
   22 stmts: stmts . stmt

    error   偏移，並進入狀態 36
    ID      偏移，並進入狀態 37
    INT8    偏移，並進入狀態 38
    INT16   偏移，並進入狀態 39
    INT32   偏移，並進入狀態 40
    FLT     偏移，並進入狀態 41
    STR     偏移，並進入狀態 42
    DO      偏移，並進入狀態 43
    FOR     偏移，並進入狀態 44
    IF      偏移，並進入狀態 45
    RETURN  偏移，並進入狀態 46
    WHILE   偏移，並進入狀態 47
    BREAK   偏移，並進入狀態 48
    '+'     偏移，並進入狀態 49
    '-'     偏移，並進入狀態 50
    '!'     偏移，並進入狀態 51
    '~'     偏移，並進入狀態 52
    NN      偏移，並進入狀態 53
    PP      偏移，並進入狀態 54
    '('     偏移，並進入狀態 55
    '{'     偏移，並進入狀態 56
    '}'     偏移，並進入狀態 57
    ';'     偏移，並進入狀態 58
    '$'     偏移，並進入狀態 59

    stmt  進入狀態 60
    expr  進入狀態 61


狀態 33

    8 func: type ID '(' Margs args ')' block .

    $預設  使用規則 8 以縮減 (func)


狀態 34

   18 args: args ',' type . ID

    ID  偏移，並進入狀態 62


狀態 35

   21 list: type ID .

    $預設  使用規則 21 以縮減 (list)


狀態 36

   33 stmt: error . ';'

    ';'  偏移，並進入狀態 63


狀態 37

   36 expr: ID . '=' expr
   37     | ID . PA expr
   38     | ID . NA expr
   39     | ID . TA expr
   40     | ID . DA expr
   41     | ID . MA expr
   42     | ID . AA expr
   43     | ID . XA expr
   44     | ID . OA expr
   45     | ID . LA expr
   46     | ID . RA expr
   47     | ID .
   75     | ID . PP
   76     | ID . NN
   82     | ID . '(' exprs ')'

    '='  偏移，並進入狀態 64
    RA   偏移，並進入狀態 65
    LA   偏移，並進入狀態 66
    OA   偏移，並進入狀態 67
    XA   偏移，並進入狀態 68
    AA   偏移，並進入狀態 69
    MA   偏移，並進入狀態 70
    DA   偏移，並進入狀態 71
    TA   偏移，並進入狀態 72
    NA   偏移，並進入狀態 73
    PA   偏移，並進入狀態 74
    NN   偏移，並進入狀態 75
    PP   偏移，並進入狀態 76
    '('  偏移，並進入狀態 77

    $預設  使用規則 47 以縮減 (expr)


狀態 38

   77 expr: INT8 .

    $預設  使用規則 77 以縮減 (expr)


狀態 39

   78 expr: INT16 .

    $預設  使用規則 78 以縮減 (expr)


狀態 40

   79 expr: INT32 .

    $預設  使用規則 79 以縮減 (expr)


狀態 41

   80 expr: FLT .

    $預設  使用規則 80 以縮減 (expr)


狀態 42

   81 expr: STR .

    $預設  使用規則 81 以縮減 (expr)


狀態 43

   28 stmt: DO . L stmt WHILE '(' expr M N L ')' ';'

    $預設  使用規則 83 以縮減 (L)

    L  進入狀態 78


狀態 44

   29 stmt: FOR . '(' expr O ';' L expr M N ';' L expr O N ')' L stmt

    '('  偏移，並進入狀態 79


狀態 45

   26 stmt: IF . '(' expr M ')' stmt N L else_stmt L

    '('  偏移，並進入狀態 80


狀態 46

   30 stmt: RETURN . expr ';'

    ID     偏移，並進入狀態 37
    INT8   偏移，並進入狀態 38
    INT16  偏移，並進入狀態 39
    INT32  偏移，並進入狀態 40
    FLT    偏移，並進入狀態 41
    STR    偏移，並進入狀態 42
    '+'    偏移，並進入狀態 49
    '-'    偏移，並進入狀態 50
    '!'    偏移，並進入狀態 51
    '~'    偏移，並進入狀態 52
    NN     偏移，並進入狀態 53
    PP     偏移，並進入狀態 54
    '('    偏移，並進入狀態 55
    '$'    偏移，並進入狀態 59

    expr  進入狀態 81


狀態 47

   27 stmt: WHILE . '(' L expr M ')' stmt N L

    '('  偏移，並進入狀態 82


狀態 48

   31 stmt: BREAK . ';'

    ';'  偏移，並進入狀態 83


狀態 49

   69 expr: '+' . expr

    ID     偏移，並進入狀態 37
    INT8   偏移，並進入狀態 38
    INT16  偏移，並進入狀態 39
    INT32  偏移，並進入狀態 40
    FLT    偏移，並進入狀態 41
    STR    偏移，並進入狀態 42
    '+'    偏移，並進入狀態 49
    '-'    偏移，並進入狀態 50
    '!'    偏移，並進入狀態 51
    '~'    偏移，並進入狀態 52
    NN     偏移，並進入狀態 53
    PP     偏移，並進入狀態 54
    '('    偏移，並進入狀態 55
    '$'    偏移，並進入狀態 59

    expr  進入狀態 84


狀態 50

   70 expr: '-' . expr

    ID     偏移，並進入狀態 37
    INT8   偏移，並進入狀態 38
    INT16  偏移，並進入狀態 39
    INT32  偏移，並進入狀態 40
    FLT    偏移，並進入狀態 41
    STR    偏移，並進入狀態 42
    '+'    偏移，並進入狀態 49
    '-'    偏移，並進入狀態 50
    '!'    偏移，並進入狀態 51
    '~'    偏移，並進入狀態 52
    NN     偏移，並進入狀態 53
    PP     偏移，並進入狀態 54
    '('    偏移，並進入狀態 55
    '$'    偏移，並進入狀態 59

    expr  進入狀態 85


狀態 51

   67 expr: '!' . expr

    ID     偏移，並進入狀態 37
    INT8   偏移，並進入狀態 38
    INT16  偏移，並進入狀態 39
    INT32  偏移，並進入狀態 40
    FLT    偏移，並進入狀態 41
    STR    偏移，並進入狀態 42
    '+'    偏移，並進入狀態 49
    '-'    偏移，並進入狀態 50
    '!'    偏移，並進入狀態 51
    '~'    偏移，並進入狀態 52
    NN     偏移，並進入狀態 53
    PP     偏移，並進入狀態 54
    '('    偏移，並進入狀態 55
    '$'    偏移，並進入狀態 59

    expr  進入狀態 86


狀態 52

   68 expr: '~' . expr

    ID     偏移，並進入狀態 37
    INT8   偏移，並進入狀態 38
    INT16  偏移，並進入狀態 39
    INT32  偏移，並進入狀態 40
    FLT    偏移，並進入狀態 41
    STR    偏移，並進入狀態 42
    '+'    偏移，並進入狀態 49
    '-'    偏移，並進入狀態 50
    '!'    偏移，並進入狀態 51
    '~'    偏移，並進入狀態 52
    NN     偏移，並進入狀態 53
    PP     偏移，並進入狀態 54
    '('    偏移，並進入狀態 55
    '$'    偏移，並進入狀態 59

    expr  進入狀態 87


狀態 53

   74 expr: NN . ID

    ID  偏移，並進入狀態 88


狀態 54

   73 expr: PP . ID

    ID  偏移，並進入狀態 89


狀態 55

   71 expr: '(' . expr ')'

    ID     偏移，並進入狀態 37
    INT8   偏移，並進入狀態 38
    INT16  偏移，並進入狀態 39
    INT32  偏移，並進入狀態 40
    FLT    偏移，並進入狀態 41
    STR    偏移，並進入狀態 42
    '+'    偏移，並進入狀態 49
    '-'    偏移，並進入狀態 50
    '!'    偏移，並進入狀態 51
    '~'    偏移，並進入狀態 52
    NN     偏移，並進入狀態 53
    PP     偏移，並進入狀態 54
    '('    偏移，並進入狀態 55
    '$'    偏移，並進入狀態 59

    expr  進入狀態 90


狀態 56

   32 stmt: '{' . stmts '}'

    $預設  使用規則 23 以縮減 (stmts)

    stmts  進入狀態 91


狀態 57

   11 block: '{' decls stmts '}' .

    $預設  使用規則 11 以縮減 (block)


狀態 58

   24 stmt: ';' .

    $預設  使用規則 24 以縮減 (stmt)


狀態 59

   72 expr: '$' . INT8

    INT8  偏移，並進入狀態 92


狀態 60

   22 stmts: stmts stmt .

    $預設  使用規則 22 以縮減 (stmts)


狀態 61

   25 stmt: expr . ';'
   48 expr: expr . OR expr
   49     | expr . AN expr
   50     | expr . '|' expr
   51     | expr . '^' expr
   52     | expr . '&' expr
   53     | expr . EQ expr
   54     | expr . NE expr
   55     | expr . '<' expr
   56     | expr . '>' expr
   57     | expr . LE expr
   58     | expr . GE expr
   59     | expr . LS expr
   60     | expr . RS expr
   61     | expr . '+' expr
   62     | expr . '-' expr
   63     | expr . '*' expr
   64     | expr . '/' expr
   65     | expr . '%' expr
   66     | expr . '%' expr

    OR   偏移，並進入狀態 93
    AN   偏移，並進入狀態 94
    '|'  偏移，並進入狀態 95
    '^'  偏移，並進入狀態 96
    '&'  偏移，並進入狀態 97
    '<'  偏移，並進入狀態 98
    '>'  偏移，並進入狀態 99
    GE   偏移，並進入狀態 100
    LE   偏移，並進入狀態 101
    NE   偏移，並進入狀態 102
    EQ   偏移，並進入狀態 103
    RS   偏移，並進入狀態 104
    LS   偏移，並進入狀態 105
    '+'  偏移，並進入狀態 106
    '-'  偏移，並進入狀態 107
    '*'  偏移，並進入狀態 108
    '/'  偏移，並進入狀態 109
    '%'  偏移，並進入狀態 110
    ';'  偏移，並進入狀態 111


狀態 62

   18 args: args ',' type ID .

    $預設  使用規則 18 以縮減 (args)


狀態 63

   33 stmt: error ';' .

    $預設  使用規則 33 以縮減 (stmt)


狀態 64

   36 expr: ID '=' . expr

    ID     偏移，並進入狀態 37
    INT8   偏移，並進入狀態 38
    INT16  偏移，並進入狀態 39
    INT32  偏移，並進入狀態 40
    FLT    偏移，並進入狀態 41
    STR    偏移，並進入狀態 42
    '+'    偏移，並進入狀態 49
    '-'    偏移，並進入狀態 50
    '!'    偏移，並進入狀態 51
    '~'    偏移，並進入狀態 52
    NN     偏移，並進入狀態 53
    PP     偏移，並進入狀態 54
    '('    偏移，並進入狀態 55
    '$'    偏移，並進入狀態 59

    expr  進入狀態 112


狀態 65

   46 expr: ID RA . expr

    ID     偏移，並進入狀態 37
    INT8   偏移，並進入狀態 38
    INT16  偏移，並進入狀態 39
    INT32  偏移，並進入狀態 40
    FLT    偏移，並進入狀態 41
    STR    偏移，並進入狀態 42
    '+'    偏移，並進入狀態 49
    '-'    偏移，並進入狀態 50
    '!'    偏移，並進入狀態 51
    '~'    偏移，並進入狀態 52
    NN     偏移，並進入狀態 53
    PP     偏移，並進入狀態 54
    '('    偏移，並進入狀態 55
    '$'    偏移，並進入狀態 59

    expr  進入狀態 113


狀態 66

   45 expr: ID LA . expr

    ID     偏移，並進入狀態 37
    INT8   偏移，並進入狀態 38
    INT16  偏移，並進入狀態 39
    INT32  偏移，並進入狀態 40
    FLT    偏移，並進入狀態 41
    STR    偏移，並進入狀態 42
    '+'    偏移，並進入狀態 49
    '-'    偏移，並進入狀態 50
    '!'    偏移，並進入狀態 51
    '~'    偏移，並進入狀態 52
    NN     偏移，並進入狀態 53
    PP     偏移，並進入狀態 54
    '('    偏移，並進入狀態 55
    '$'    偏移，並進入狀態 59

    expr  進入狀態 114


狀態 67

   44 expr: ID OA . expr

    ID     偏移，並進入狀態 37
    INT8   偏移，並進入狀態 38
    INT16  偏移，並進入狀態 39
    INT32  偏移，並進入狀態 40
    FLT    偏移，並進入狀態 41
    STR    偏移，並進入狀態 42
    '+'    偏移，並進入狀態 49
    '-'    偏移，並進入狀態 50
    '!'    偏移，並進入狀態 51
    '~'    偏移，並進入狀態 52
    NN     偏移，並進入狀態 53
    PP     偏移，並進入狀態 54
    '('    偏移，並進入狀態 55
    '$'    偏移，並進入狀態 59

    expr  進入狀態 115


狀態 68

   43 expr: ID XA . expr

    ID     偏移，並進入狀態 37
    INT8   偏移，並進入狀態 38
    INT16  偏移，並進入狀態 39
    INT32  偏移，並進入狀態 40
    FLT    偏移，並進入狀態 41
    STR    偏移，並進入狀態 42
    '+'    偏移，並進入狀態 49
    '-'    偏移，並進入狀態 50
    '!'    偏移，並進入狀態 51
    '~'    偏移，並進入狀態 52
    NN     偏移，並進入狀態 53
    PP     偏移，並進入狀態 54
    '('    偏移，並進入狀態 55
    '$'    偏移，並進入狀態 59

    expr  進入狀態 116


狀態 69

   42 expr: ID AA . expr

    ID     偏移，並進入狀態 37
    INT8   偏移，並進入狀態 38
    INT16  偏移，並進入狀態 39
    INT32  偏移，並進入狀態 40
    FLT    偏移，並進入狀態 41
    STR    偏移，並進入狀態 42
    '+'    偏移，並進入狀態 49
    '-'    偏移，並進入狀態 50
    '!'    偏移，並進入狀態 51
    '~'    偏移，並進入狀態 52
    NN     偏移，並進入狀態 53
    PP     偏移，並進入狀態 54
    '('    偏移，並進入狀態 55
    '$'    偏移，並進入狀態 59

    expr  進入狀態 117


狀態 70

   41 expr: ID MA . expr

    ID     偏移，並進入狀態 37
    INT8   偏移，並進入狀態 38
    INT16  偏移，並進入狀態 39
    INT32  偏移，並進入狀態 40
    FLT    偏移，並進入狀態 41
    STR    偏移，並進入狀態 42
    '+'    偏移，並進入狀態 49
    '-'    偏移，並進入狀態 50
    '!'    偏移，並進入狀態 51
    '~'    偏移，並進入狀態 52
    NN     偏移，並進入狀態 53
    PP     偏移，並進入狀態 54
    '('    偏移，並進入狀態 55
    '$'    偏移，並進入狀態 59

    expr  進入狀態 118


狀態 71

   40 expr: ID DA . expr

    ID     偏移，並進入狀態 37
    INT8   偏移，並進入狀態 38
    INT16  偏移，並進入狀態 39
    INT32  偏移，並進入狀態 40
    FLT    偏移，並進入狀態 41
    STR    偏移，並進入狀態 42
    '+'    偏移，並進入狀態 49
    '-'    偏移，並進入狀態 50
    '!'    偏移，並進入狀態 51
    '~'    偏移，並進入狀態 52
    NN     偏移，並進入狀態 53
    PP     偏移，並進入狀態 54
    '('    偏移，並進入狀態 55
    '$'    偏移，並進入狀態 59

    expr  進入狀態 119


狀態 72

   39 expr: ID TA . expr

    ID     偏移，並進入狀態 37
    INT8   偏移，並進入狀態 38
    INT16  偏移，並進入狀態 39
    INT32  偏移，並進入狀態 40
    FLT    偏移，並進入狀態 41
    STR    偏移，並進入狀態 42
    '+'    偏移，並進入狀態 49
    '-'    偏移，並進入狀態 50
    '!'    偏移，並進入狀態 51
    '~'    偏移，並進入狀態 52
    NN     偏移，並進入狀態 53
    PP     偏移，並進入狀態 54
    '('    偏移，並進入狀態 55
    '$'    偏移，並進入狀態 59

    expr  進入狀態 120


狀態 73

   38 expr: ID NA . expr

    ID     偏移，並進入狀態 37
    INT8   偏移，並進入狀態 38
    INT16  偏移，並進入狀態 39
    INT32  偏移，並進入狀態 40
    FLT    偏移，並進入狀態 41
    STR    偏移，並進入狀態 42
    '+'    偏移，並進入狀態 49
    '-'    偏移，並進入狀態 50
    '!'    偏移，並進入狀態 51
    '~'    偏移，並進入狀態 52
    NN     偏移，並進入狀態 53
    PP     偏移，並進入狀態 54
    '('    偏移，並進入狀態 55
    '$'    偏移，並進入狀態 59

    expr  進入狀態 121


狀態 74

   37 expr: ID PA . expr

    ID     偏移，並進入狀態 37
    INT8   偏移，並進入狀態 38
    INT16  偏移，並進入狀態 39
    INT32  偏移，並進入狀態 40
    FLT    偏移，並進入狀態 41
    STR    偏移，並進入狀態 42
    '+'    偏移，並進入狀態 49
    '-'    偏移，並進入狀態 50
    '!'    偏移，並進入狀態 51
    '~'    偏移，並進入狀態 52
    NN     偏移，並進入狀態 53
    PP     偏移，並進入狀態 54
    '('    偏移，並進入狀態 55
    '$'    偏移，並進入狀態 59

    expr  進入狀態 122


狀態 75

   76 expr: ID NN .

    $預設  使用規則 76 以縮減 (expr)


狀態 76

   75 expr: ID PP .

    $預設  使用規則 75 以縮減 (expr)


狀態 77

   82 expr: ID '(' . exprs ')'

    ID     偏移，並進入狀態 37
    INT8   偏移，並進入狀態 38
    INT16  偏移，並進入狀態 39
    INT32  偏移，並進入狀態 40
    FLT    偏移，並進入狀態 41
    STR    偏移，並進入狀態 42
    '+'    偏移，並進入狀態 49
    '-'    偏移，並進入狀態 50
    '!'    偏移，並進入狀態 51
    '~'    偏移，並進入狀態 52
    NN     偏移，並進入狀態 53
    PP     偏移，並進入狀態 54
    '('    偏移，並進入狀態 55
    '$'    偏移，並進入狀態 59

    exprs  進入狀態 123
    expr   進入狀態 124


狀態 78

   28 stmt: DO L . stmt WHILE '(' expr M N L ')' ';'

    error   偏移，並進入狀態 36
    ID      偏移，並進入狀態 37
    INT8    偏移，並進入狀態 38
    INT16   偏移，並進入狀態 39
    INT32   偏移，並進入狀態 40
    FLT     偏移，並進入狀態 41
    STR     偏移，並進入狀態 42
    DO      偏移，並進入狀態 43
    FOR     偏移，並進入狀態 44
    IF      偏移，並進入狀態 45
    RETURN  偏移，並進入狀態 46
    WHILE   偏移，並進入狀態 47
    BREAK   偏移，並進入狀態 48
    '+'     偏移，並進入狀態 49
    '-'     偏移，並進入狀態 50
    '!'     偏移，並進入狀態 51
    '~'     偏移，並進入狀態 52
    NN      偏移，並進入狀態 53
    PP      偏移，並進入狀態 54
    '('     偏移，並進入狀態 55
    '{'     偏移，並進入狀態 56
    ';'     偏移，並進入狀態 58
    '$'     偏移，並進入狀態 59

    stmt  進入狀態 125
    expr  進入狀態 61


狀態 79

   29 stmt: FOR '(' . expr O ';' L expr M N ';' L expr O N ')' L stmt

    ID     偏移，並進入狀態 37
    INT8   偏移，並進入狀態 38
    INT16  偏移，並進入狀態 39
    INT32  偏移，並進入狀態 40
    FLT    偏移，並進入狀態 41
    STR    偏移，並進入狀態 42
    '+'    偏移，並進入狀態 49
    '-'    偏移，並進入狀態 50
    '!'    偏移，並進入狀態 51
    '~'    偏移，並進入狀態 52
    NN     偏移，並進入狀態 53
    PP     偏移，並進入狀態 54
    '('    偏移，並進入狀態 55
    '$'    偏移，並進入狀態 59

    expr  進入狀態 126


狀態 80

   26 stmt: IF '(' . expr M ')' stmt N L else_stmt L

    ID     偏移，並進入狀態 37
    INT8   偏移，並進入狀態 38
    INT16  偏移，並進入狀態 39
    INT32  偏移，並進入狀態 40
    FLT    偏移，並進入狀態 41
    STR    偏移，並進入狀態 42
    '+'    偏移，並進入狀態 49
    '-'    偏移，並進入狀態 50
    '!'    偏移，並進入狀態 51
    '~'    偏移，並進入狀態 52
    NN     偏移，並進入狀態 53
    PP     偏移，並進入狀態 54
    '('    偏移，並進入狀態 55
    '$'    偏移，並進入狀態 59

    expr  進入狀態 127


狀態 81

   30 stmt: RETURN expr . ';'
   48 expr: expr . OR expr
   49     | expr . AN expr
   50     | expr . '|' expr
   51     | expr . '^' expr
   52     | expr . '&' expr
   53     | expr . EQ expr
   54     | expr . NE expr
   55     | expr . '<' expr
   56     | expr . '>' expr
   57     | expr . LE expr
   58     | expr . GE expr
   59     | expr . LS expr
   60     | expr . RS expr
   61     | expr . '+' expr
   62     | expr . '-' expr
   63     | expr . '*' expr
   64     | expr . '/' expr
   65     | expr . '%' expr
   66     | expr . '%' expr

    OR   偏移，並進入狀態 93
    AN   偏移，並進入狀態 94
    '|'  偏移，並進入狀態 95
    '^'  偏移，並進入狀態 96
    '&'  偏移，並進入狀態 97
    '<'  偏移，並進入狀態 98
    '>'  偏移，並進入狀態 99
    GE   偏移，並進入狀態 100
    LE   偏移，並進入狀態 101
    NE   偏移，並進入狀態 102
    EQ   偏移，並進入狀態 103
    RS   偏移，並進入狀態 104
    LS   偏移，並進入狀態 105
    '+'  偏移，並進入狀態 106
    '-'  偏移，並進入狀態 107
    '*'  偏移，並進入狀態 108
    '/'  偏移，並進入狀態 109
    '%'  偏移，並進入狀態 110
    ';'  偏移，並進入狀態 128


狀態 82

   27 stmt: WHILE '(' . L expr M ')' stmt N L

    $預設  使用規則 83 以縮減 (L)

    L  進入狀態 129


狀態 83

   31 stmt: BREAK ';' .

    $預設  使用規則 31 以縮減 (stmt)


狀態 84

   48 expr: expr . OR expr
   49     | expr . AN expr
   50     | expr . '|' expr
   51     | expr . '^' expr
   52     | expr . '&' expr
   53     | expr . EQ expr
   54     | expr . NE expr
   55     | expr . '<' expr
   56     | expr . '>' expr
   57     | expr . LE expr
   58     | expr . GE expr
   59     | expr . LS expr
   60     | expr . RS expr
   61     | expr . '+' expr
   62     | expr . '-' expr
   63     | expr . '*' expr
   64     | expr . '/' expr
   65     | expr . '%' expr
   66     | expr . '%' expr
   69     | '+' expr .

    $預設  使用規則 69 以縮減 (expr)


狀態 85

   48 expr: expr . OR expr
   49     | expr . AN expr
   50     | expr . '|' expr
   51     | expr . '^' expr
   52     | expr . '&' expr
   53     | expr . EQ expr
   54     | expr . NE expr
   55     | expr . '<' expr
   56     | expr . '>' expr
   57     | expr . LE expr
   58     | expr . GE expr
   59     | expr . LS expr
   60     | expr . RS expr
   61     | expr . '+' expr
   62     | expr . '-' expr
   63     | expr . '*' expr
   64     | expr . '/' expr
   65     | expr . '%' expr
   66     | expr . '%' expr
   70     | '-' expr .

    $預設  使用規則 70 以縮減 (expr)


狀態 86

   48 expr: expr . OR expr
   49     | expr . AN expr
   50     | expr . '|' expr
   51     | expr . '^' expr
   52     | expr . '&' expr
   53     | expr . EQ expr
   54     | expr . NE expr
   55     | expr . '<' expr
   56     | expr . '>' expr
   57     | expr . LE expr
   58     | expr . GE expr
   59     | expr . LS expr
   60     | expr . RS expr
   61     | expr . '+' expr
   62     | expr . '-' expr
   63     | expr . '*' expr
   64     | expr . '/' expr
   65     | expr . '%' expr
   66     | expr . '%' expr
   67     | '!' expr .

    $預設  使用規則 67 以縮減 (expr)


狀態 87

   48 expr: expr . OR expr
   49     | expr . AN expr
   50     | expr . '|' expr
   51     | expr . '^' expr
   52     | expr . '&' expr
   53     | expr . EQ expr
   54     | expr . NE expr
   55     | expr . '<' expr
   56     | expr . '>' expr
   57     | expr . LE expr
   58     | expr . GE expr
   59     | expr . LS expr
   60     | expr . RS expr
   61     | expr . '+' expr
   62     | expr . '-' expr
   63     | expr . '*' expr
   64     | expr . '/' expr
   65     | expr . '%' expr
   66     | expr . '%' expr
   68     | '~' expr .

    $預設  使用規則 68 以縮減 (expr)


狀態 88

   74 expr: NN ID .

    $預設  使用規則 74 以縮減 (expr)


狀態 89

   73 expr: PP ID .

    $預設  使用規則 73 以縮減 (expr)


狀態 90

   48 expr: expr . OR expr
   49     | expr . AN expr
   50     | expr . '|' expr
   51     | expr . '^' expr
   52     | expr . '&' expr
   53     | expr . EQ expr
   54     | expr . NE expr
   55     | expr . '<' expr
   56     | expr . '>' expr
   57     | expr . LE expr
   58     | expr . GE expr
   59     | expr . LS expr
   60     | expr . RS expr
   61     | expr . '+' expr
   62     | expr . '-' expr
   63     | expr . '*' expr
   64     | expr . '/' expr
   65     | expr . '%' expr
   66     | expr . '%' expr
   71     | '(' expr . ')'

    OR   偏移，並進入狀態 93
    AN   偏移，並進入狀態 94
    '|'  偏移，並進入狀態 95
    '^'  偏移，並進入狀態 96
    '&'  偏移，並進入狀態 97
    '<'  偏移，並進入狀態 98
    '>'  偏移，並進入狀態 99
    GE   偏移，並進入狀態 100
    LE   偏移，並進入狀態 101
    NE   偏移，並進入狀態 102
    EQ   偏移，並進入狀態 103
    RS   偏移，並進入狀態 104
    LS   偏移，並進入狀態 105
    '+'  偏移，並進入狀態 106
    '-'  偏移，並進入狀態 107
    '*'  偏移，並進入狀態 108
    '/'  偏移，並進入狀態 109
    '%'  偏移，並進入狀態 110
    ')'  偏移，並進入狀態 130


狀態 91

   22 stmts: stmts . stmt
   32 stmt: '{' stmts . '}'

    error   偏移，並進入狀態 36
    ID      偏移，並進入狀態 37
    INT8    偏移，並進入狀態 38
    INT16   偏移，並進入狀態 39
    INT32   偏移，並進入狀態 40
    FLT     偏移，並進入狀態 41
    STR     偏移，並進入狀態 42
    DO      偏移，並進入狀態 43
    FOR     偏移，並進入狀態 44
    IF      偏移，並進入狀態 45
    RETURN  偏移，並進入狀態 46
    WHILE   偏移，並進入狀態 47
    BREAK   偏移，並進入狀態 48
    '+'     偏移，並進入狀態 49
    '-'     偏移，並進入狀態 50
    '!'     偏移，並進入狀態 51
    '~'     偏移，並進入狀態 52
    NN      偏移，並進入狀態 53
    PP      偏移，並進入狀態 54
    '('     偏移，並進入狀態 55
    '{'     偏移，並進入狀態 56
    '}'     偏移，並進入狀態 131
    ';'     偏移，並進入狀態 58
    '$'     偏移，並進入狀態 59

    stmt  進入狀態 60
    expr  進入狀態 61


狀態 92

   72 expr: '$' INT8 .

    $預設  使用規則 72 以縮減 (expr)


狀態 93

   48 expr: expr OR . expr

    ID     偏移，並進入狀態 37
    INT8   偏移，並進入狀態 38
    INT16  偏移，並進入狀態 39
    INT32  偏移，並進入狀態 40
    FLT    偏移，並進入狀態 41
    STR    偏移，並進入狀態 42
    '+'    偏移，並進入狀態 49
    '-'    偏移，並進入狀態 50
    '!'    偏移，並進入狀態 51
    '~'    偏移，並進入狀態 52
    NN     偏移，並進入狀態 53
    PP     偏移，並進入狀態 54
    '('    偏移，並進入狀態 55
    '$'    偏移，並進入狀態 59

    expr  進入狀態 132


狀態 94

   49 expr: expr AN . expr

    ID     偏移，並進入狀態 37
    INT8   偏移，並進入狀態 38
    INT16  偏移，並進入狀態 39
    INT32  偏移，並進入狀態 40
    FLT    偏移，並進入狀態 41
    STR    偏移，並進入狀態 42
    '+'    偏移，並進入狀態 49
    '-'    偏移，並進入狀態 50
    '!'    偏移，並進入狀態 51
    '~'    偏移，並進入狀態 52
    NN     偏移，並進入狀態 53
    PP     偏移，並進入狀態 54
    '('    偏移，並進入狀態 55
    '$'    偏移，並進入狀態 59

    expr  進入狀態 133


狀態 95

   50 expr: expr '|' . expr

    ID     偏移，並進入狀態 37
    INT8   偏移，並進入狀態 38
    INT16  偏移，並進入狀態 39
    INT32  偏移，並進入狀態 40
    FLT    偏移，並進入狀態 41
    STR    偏移，並進入狀態 42
    '+'    偏移，並進入狀態 49
    '-'    偏移，並進入狀態 50
    '!'    偏移，並進入狀態 51
    '~'    偏移，並進入狀態 52
    NN     偏移，並進入狀態 53
    PP     偏移，並進入狀態 54
    '('    偏移，並進入狀態 55
    '$'    偏移，並進入狀態 59

    expr  進入狀態 134


狀態 96

   51 expr: expr '^' . expr

    ID     偏移，並進入狀態 37
    INT8   偏移，並進入狀態 38
    INT16  偏移，並進入狀態 39
    INT32  偏移，並進入狀態 40
    FLT    偏移，並進入狀態 41
    STR    偏移，並進入狀態 42
    '+'    偏移，並進入狀態 49
    '-'    偏移，並進入狀態 50
    '!'    偏移，並進入狀態 51
    '~'    偏移，並進入狀態 52
    NN     偏移，並進入狀態 53
    PP     偏移，並進入狀態 54
    '('    偏移，並進入狀態 55
    '$'    偏移，並進入狀態 59

    expr  進入狀態 135


狀態 97

   52 expr: expr '&' . expr

    ID     偏移，並進入狀態 37
    INT8   偏移，並進入狀態 38
    INT16  偏移，並進入狀態 39
    INT32  偏移，並進入狀態 40
    FLT    偏移，並進入狀態 41
    STR    偏移，並進入狀態 42
    '+'    偏移，並進入狀態 49
    '-'    偏移，並進入狀態 50
    '!'    偏移，並進入狀態 51
    '~'    偏移，並進入狀態 52
    NN     偏移，並進入狀態 53
    PP     偏移，並進入狀態 54
    '('    偏移，並進入狀態 55
    '$'    偏移，並進入狀態 59

    expr  進入狀態 136


狀態 98

   55 expr: expr '<' . expr

    ID     偏移，並進入狀態 37
    INT8   偏移，並進入狀態 38
    INT16  偏移，並進入狀態 39
    INT32  偏移，並進入狀態 40
    FLT    偏移，並進入狀態 41
    STR    偏移，並進入狀態 42
    '+'    偏移，並進入狀態 49
    '-'    偏移，並進入狀態 50
    '!'    偏移，並進入狀態 51
    '~'    偏移，並進入狀態 52
    NN     偏移，並進入狀態 53
    PP     偏移，並進入狀態 54
    '('    偏移，並進入狀態 55
    '$'    偏移，並進入狀態 59

    expr  進入狀態 137


狀態 99

   56 expr: expr '>' . expr

    ID     偏移，並進入狀態 37
    INT8   偏移，並進入狀態 38
    INT16  偏移，並進入狀態 39
    INT32  偏移，並進入狀態 40
    FLT    偏移，並進入狀態 41
    STR    偏移，並進入狀態 42
    '+'    偏移，並進入狀態 49
    '-'    偏移，並進入狀態 50
    '!'    偏移，並進入狀態 51
    '~'    偏移，並進入狀態 52
    NN     偏移，並進入狀態 53
    PP     偏移，並進入狀態 54
    '('    偏移，並進入狀態 55
    '$'    偏移，並進入狀態 59

    expr  進入狀態 138


狀態 100

   58 expr: expr GE . expr

    ID     偏移，並進入狀態 37
    INT8   偏移，並進入狀態 38
    INT16  偏移，並進入狀態 39
    INT32  偏移，並進入狀態 40
    FLT    偏移，並進入狀態 41
    STR    偏移，並進入狀態 42
    '+'    偏移，並進入狀態 49
    '-'    偏移，並進入狀態 50
    '!'    偏移，並進入狀態 51
    '~'    偏移，並進入狀態 52
    NN     偏移，並進入狀態 53
    PP     偏移，並進入狀態 54
    '('    偏移，並進入狀態 55
    '$'    偏移，並進入狀態 59

    expr  進入狀態 139


狀態 101

   57 expr: expr LE . expr

    ID     偏移，並進入狀態 37
    INT8   偏移，並進入狀態 38
    INT16  偏移，並進入狀態 39
    INT32  偏移，並進入狀態 40
    FLT    偏移，並進入狀態 41
    STR    偏移，並進入狀態 42
    '+'    偏移，並進入狀態 49
    '-'    偏移，並進入狀態 50
    '!'    偏移，並進入狀態 51
    '~'    偏移，並進入狀態 52
    NN     偏移，並進入狀態 53
    PP     偏移，並進入狀態 54
    '('    偏移，並進入狀態 55
    '$'    偏移，並進入狀態 59

    expr  進入狀態 140


狀態 102

   54 expr: expr NE . expr

    ID     偏移，並進入狀態 37
    INT8   偏移，並進入狀態 38
    INT16  偏移，並進入狀態 39
    INT32  偏移，並進入狀態 40
    FLT    偏移，並進入狀態 41
    STR    偏移，並進入狀態 42
    '+'    偏移，並進入狀態 49
    '-'    偏移，並進入狀態 50
    '!'    偏移，並進入狀態 51
    '~'    偏移，並進入狀態 52
    NN     偏移，並進入狀態 53
    PP     偏移，並進入狀態 54
    '('    偏移，並進入狀態 55
    '$'    偏移，並進入狀態 59

    expr  進入狀態 141


狀態 103

   53 expr: expr EQ . expr

    ID     偏移，並進入狀態 37
    INT8   偏移，並進入狀態 38
    INT16  偏移，並進入狀態 39
    INT32  偏移，並進入狀態 40
    FLT    偏移，並進入狀態 41
    STR    偏移，並進入狀態 42
    '+'    偏移，並進入狀態 49
    '-'    偏移，並進入狀態 50
    '!'    偏移，並進入狀態 51
    '~'    偏移，並進入狀態 52
    NN     偏移，並進入狀態 53
    PP     偏移，並進入狀態 54
    '('    偏移，並進入狀態 55
    '$'    偏移，並進入狀態 59

    expr  進入狀態 142


狀態 104

   60 expr: expr RS . expr

    ID     偏移，並進入狀態 37
    INT8   偏移，並進入狀態 38
    INT16  偏移，並進入狀態 39
    INT32  偏移，並進入狀態 40
    FLT    偏移，並進入狀態 41
    STR    偏移，並進入狀態 42
    '+'    偏移，並進入狀態 49
    '-'    偏移，並進入狀態 50
    '!'    偏移，並進入狀態 51
    '~'    偏移，並進入狀態 52
    NN     偏移，並進入狀態 53
    PP     偏移，並進入狀態 54
    '('    偏移，並進入狀態 55
    '$'    偏移，並進入狀態 59

    expr  進入狀態 143


狀態 105

   59 expr: expr LS . expr

    ID     偏移，並進入狀態 37
    INT8   偏移，並進入狀態 38
    INT16  偏移，並進入狀態 39
    INT32  偏移，並進入狀態 40
    FLT    偏移，並進入狀態 41
    STR    偏移，並進入狀態 42
    '+'    偏移，並進入狀態 49
    '-'    偏移，並進入狀態 50
    '!'    偏移，並進入狀態 51
    '~'    偏移，並進入狀態 52
    NN     偏移，並進入狀態 53
    PP     偏移，並進入狀態 54
    '('    偏移，並進入狀態 55
    '$'    偏移，並進入狀態 59

    expr  進入狀態 144


狀態 106

   61 expr: expr '+' . expr

    ID     偏移，並進入狀態 37
    INT8   偏移，並進入狀態 38
    INT16  偏移，並進入狀態 39
    INT32  偏移，並進入狀態 40
    FLT    偏移，並進入狀態 41
    STR    偏移，並進入狀態 42
    '+'    偏移，並進入狀態 49
    '-'    偏移，並進入狀態 50
    '!'    偏移，並進入狀態 51
    '~'    偏移，並進入狀態 52
    NN     偏移，並進入狀態 53
    PP     偏移，並進入狀態 54
    '('    偏移，並進入狀態 55
    '$'    偏移，並進入狀態 59

    expr  進入狀態 145


狀態 107

   62 expr: expr '-' . expr

    ID     偏移，並進入狀態 37
    INT8   偏移，並進入狀態 38
    INT16  偏移，並進入狀態 39
    INT32  偏移，並進入狀態 40
    FLT    偏移，並進入狀態 41
    STR    偏移，並進入狀態 42
    '+'    偏移，並進入狀態 49
    '-'    偏移，並進入狀態 50
    '!'    偏移，並進入狀態 51
    '~'    偏移，並進入狀態 52
    NN     偏移，並進入狀態 53
    PP     偏移，並進入狀態 54
    '('    偏移，並進入狀態 55
    '$'    偏移，並進入狀態 59

    expr  進入狀態 146


狀態 108

   63 expr: expr '*' . expr

    ID     偏移，並進入狀態 37
    INT8   偏移，並進入狀態 38
    INT16  偏移，並進入狀態 39
    INT32  偏移，並進入狀態 40
    FLT    偏移，並進入狀態 41
    STR    偏移，並進入狀態 42
    '+'    偏移，並進入狀態 49
    '-'    偏移，並進入狀態 50
    '!'    偏移，並進入狀態 51
    '~'    偏移，並進入狀態 52
    NN     偏移，並進入狀態 53
    PP     偏移，並進入狀態 54
    '('    偏移，並進入狀態 55
    '$'    偏移，並進入狀態 59

    expr  進入狀態 147


狀態 109

   64 expr: expr '/' . expr

    ID     偏移，並進入狀態 37
    INT8   偏移，並進入狀態 38
    INT16  偏移，並進入狀態 39
    INT32  偏移，並進入狀態 40
    FLT    偏移，並進入狀態 41
    STR    偏移，並進入狀態 42
    '+'    偏移，並進入狀態 49
    '-'    偏移，並進入狀態 50
    '!'    偏移，並進入狀態 51
    '~'    偏移，並進入狀態 52
    NN     偏移，並進入狀態 53
    PP     偏移，並進入狀態 54
    '('    偏移，並進入狀態 55
    '$'    偏移，並進入狀態 59

    expr  進入狀態 148


狀態 110

   65 expr: expr '%' . expr
   66     | expr '%' . expr

    ID     偏移，並進入狀態 37
    INT8   偏移，並進入狀態 38
    INT16  偏移，並進入狀態 39
    INT32  偏移，並進入狀態 40
    FLT    偏移，並進入狀態 41
    STR    偏移，並進入狀態 42
    '+'    偏移，並進入狀態 49
    '-'    偏移，並進入狀態 50
    '!'    偏移，並進入狀態 51
    '~'    偏移，並進入狀態 52
    NN     偏移，並進入狀態 53
    PP     偏移，並進入狀態 54
    '('    偏移，並進入狀態 55
    '$'    偏移，並進入狀態 59

    expr  進入狀態 149


狀態 111

   25 stmt: expr ';' .

    $預設  使用規則 25 以縮減 (stmt)


狀態 112

   36 expr: ID '=' expr .
   48     | expr . OR expr
   49     | expr . AN expr
   50     | expr . '|' expr
   51     | expr . '^' expr
   52     | expr . '&' expr
   53     | expr . EQ expr
   54     | expr . NE expr
   55     | expr . '<' expr
   56     | expr . '>' expr
   57     | expr . LE expr
   58     | expr . GE expr
   59     | expr . LS expr
   60     | expr . RS expr
   61     | expr . '+' expr
   62     | expr . '-' expr
   63     | expr . '*' expr
   64     | expr . '/' expr
   65     | expr . '%' expr
   66     | expr . '%' expr

    OR   偏移，並進入狀態 93
    AN   偏移，並進入狀態 94
    '|'  偏移，並進入狀態 95
    '^'  偏移，並進入狀態 96
    '&'  偏移，並進入狀態 97
    '<'  偏移，並進入狀態 98
    '>'  偏移，並進入狀態 99
    GE   偏移，並進入狀態 100
    LE   偏移，並進入狀態 101
    NE   偏移，並進入狀態 102
    EQ   偏移，並進入狀態 103
    RS   偏移，並進入狀態 104
    LS   偏移，並進入狀態 105
    '+'  偏移，並進入狀態 106
    '-'  偏移，並進入狀態 107
    '*'  偏移，並進入狀態 108
    '/'  偏移，並進入狀態 109
    '%'  偏移，並進入狀態 110

    $預設  使用規則 36 以縮減 (expr)


狀態 113

   46 expr: ID RA expr .
   48     | expr . OR expr
   49     | expr . AN expr
   50     | expr . '|' expr
   51     | expr . '^' expr
   52     | expr . '&' expr
   53     | expr . EQ expr
   54     | expr . NE expr
   55     | expr . '<' expr
   56     | expr . '>' expr
   57     | expr . LE expr
   58     | expr . GE expr
   59     | expr . LS expr
   60     | expr . RS expr
   61     | expr . '+' expr
   62     | expr . '-' expr
   63     | expr . '*' expr
   64     | expr . '/' expr
   65     | expr . '%' expr
   66     | expr . '%' expr

    OR   偏移，並進入狀態 93
    AN   偏移，並進入狀態 94
    '|'  偏移，並進入狀態 95
    '^'  偏移，並進入狀態 96
    '&'  偏移，並進入狀態 97
    '<'  偏移，並進入狀態 98
    '>'  偏移，並進入狀態 99
    GE   偏移，並進入狀態 100
    LE   偏移，並進入狀態 101
    NE   偏移，並進入狀態 102
    EQ   偏移，並進入狀態 103
    RS   偏移，並進入狀態 104
    LS   偏移，並進入狀態 105
    '+'  偏移，並進入狀態 106
    '-'  偏移，並進入狀態 107
    '*'  偏移，並進入狀態 108
    '/'  偏移，並進入狀態 109
    '%'  偏移，並進入狀態 110

    $預設  使用規則 46 以縮減 (expr)


狀態 114

   45 expr: ID LA expr .
   48     | expr . OR expr
   49     | expr . AN expr
   50     | expr . '|' expr
   51     | expr . '^' expr
   52     | expr . '&' expr
   53     | expr . EQ expr
   54     | expr . NE expr
   55     | expr . '<' expr
   56     | expr . '>' expr
   57     | expr . LE expr
   58     | expr . GE expr
   59     | expr . LS expr
   60     | expr . RS expr
   61     | expr . '+' expr
   62     | expr . '-' expr
   63     | expr . '*' expr
   64     | expr . '/' expr
   65     | expr . '%' expr
   66     | expr . '%' expr

    OR   偏移，並進入狀態 93
    AN   偏移，並進入狀態 94
    '|'  偏移，並進入狀態 95
    '^'  偏移，並進入狀態 96
    '&'  偏移，並進入狀態 97
    '<'  偏移，並進入狀態 98
    '>'  偏移，並進入狀態 99
    GE   偏移，並進入狀態 100
    LE   偏移，並進入狀態 101
    NE   偏移，並進入狀態 102
    EQ   偏移，並進入狀態 103
    RS   偏移，並進入狀態 104
    LS   偏移，並進入狀態 105
    '+'  偏移，並進入狀態 106
    '-'  偏移，並進入狀態 107
    '*'  偏移，並進入狀態 108
    '/'  偏移，並進入狀態 109
    '%'  偏移，並進入狀態 110

    $預設  使用規則 45 以縮減 (expr)


狀態 115

   44 expr: ID OA expr .
   48     | expr . OR expr
   49     | expr . AN expr
   50     | expr . '|' expr
   51     | expr . '^' expr
   52     | expr . '&' expr
   53     | expr . EQ expr
   54     | expr . NE expr
   55     | expr . '<' expr
   56     | expr . '>' expr
   57     | expr . LE expr
   58     | expr . GE expr
   59     | expr . LS expr
   60     | expr . RS expr
   61     | expr . '+' expr
   62     | expr . '-' expr
   63     | expr . '*' expr
   64     | expr . '/' expr
   65     | expr . '%' expr
   66     | expr . '%' expr

    OR   偏移，並進入狀態 93
    AN   偏移，並進入狀態 94
    '|'  偏移，並進入狀態 95
    '^'  偏移，並進入狀態 96
    '&'  偏移，並進入狀態 97
    '<'  偏移，並進入狀態 98
    '>'  偏移，並進入狀態 99
    GE   偏移，並進入狀態 100
    LE   偏移，並進入狀態 101
    NE   偏移，並進入狀態 102
    EQ   偏移，並進入狀態 103
    RS   偏移，並進入狀態 104
    LS   偏移，並進入狀態 105
    '+'  偏移，並進入狀態 106
    '-'  偏移，並進入狀態 107
    '*'  偏移，並進入狀態 108
    '/'  偏移，並進入狀態 109
    '%'  偏移，並進入狀態 110

    $預設  使用規則 44 以縮減 (expr)


狀態 116

   43 expr: ID XA expr .
   48     | expr . OR expr
   49     | expr . AN expr
   50     | expr . '|' expr
   51     | expr . '^' expr
   52     | expr . '&' expr
   53     | expr . EQ expr
   54     | expr . NE expr
   55     | expr . '<' expr
   56     | expr . '>' expr
   57     | expr . LE expr
   58     | expr . GE expr
   59     | expr . LS expr
   60     | expr . RS expr
   61     | expr . '+' expr
   62     | expr . '-' expr
   63     | expr . '*' expr
   64     | expr . '/' expr
   65     | expr . '%' expr
   66     | expr . '%' expr

    OR   偏移，並進入狀態 93
    AN   偏移，並進入狀態 94
    '|'  偏移，並進入狀態 95
    '^'  偏移，並進入狀態 96
    '&'  偏移，並進入狀態 97
    '<'  偏移，並進入狀態 98
    '>'  偏移，並進入狀態 99
    GE   偏移，並進入狀態 100
    LE   偏移，並進入狀態 101
    NE   偏移，並進入狀態 102
    EQ   偏移，並進入狀態 103
    RS   偏移，並進入狀態 104
    LS   偏移，並進入狀態 105
    '+'  偏移，並進入狀態 106
    '-'  偏移，並進入狀態 107
    '*'  偏移，並進入狀態 108
    '/'  偏移，並進入狀態 109
    '%'  偏移，並進入狀態 110

    $預設  使用規則 43 以縮減 (expr)


狀態 117

   42 expr: ID AA expr .
   48     | expr . OR expr
   49     | expr . AN expr
   50     | expr . '|' expr
   51     | expr . '^' expr
   52     | expr . '&' expr
   53     | expr . EQ expr
   54     | expr . NE expr
   55     | expr . '<' expr
   56     | expr . '>' expr
   57     | expr . LE expr
   58     | expr . GE expr
   59     | expr . LS expr
   60     | expr . RS expr
   61     | expr . '+' expr
   62     | expr . '-' expr
   63     | expr . '*' expr
   64     | expr . '/' expr
   65     | expr . '%' expr
   66     | expr . '%' expr

    OR   偏移，並進入狀態 93
    AN   偏移，並進入狀態 94
    '|'  偏移，並進入狀態 95
    '^'  偏移，並進入狀態 96
    '&'  偏移，並進入狀態 97
    '<'  偏移，並進入狀態 98
    '>'  偏移，並進入狀態 99
    GE   偏移，並進入狀態 100
    LE   偏移，並進入狀態 101
    NE   偏移，並進入狀態 102
    EQ   偏移，並進入狀態 103
    RS   偏移，並進入狀態 104
    LS   偏移，並進入狀態 105
    '+'  偏移，並進入狀態 106
    '-'  偏移，並進入狀態 107
    '*'  偏移，並進入狀態 108
    '/'  偏移，並進入狀態 109
    '%'  偏移，並進入狀態 110

    $預設  使用規則 42 以縮減 (expr)


狀態 118

   41 expr: ID MA expr .
   48     | expr . OR expr
   49     | expr . AN expr
   50     | expr . '|' expr
   51     | expr . '^' expr
   52     | expr . '&' expr
   53     | expr . EQ expr
   54     | expr . NE expr
   55     | expr . '<' expr
   56     | expr . '>' expr
   57     | expr . LE expr
   58     | expr . GE expr
   59     | expr . LS expr
   60     | expr . RS expr
   61     | expr . '+' expr
   62     | expr . '-' expr
   63     | expr . '*' expr
   64     | expr . '/' expr
   65     | expr . '%' expr
   66     | expr . '%' expr

    OR   偏移，並進入狀態 93
    AN   偏移，並進入狀態 94
    '|'  偏移，並進入狀態 95
    '^'  偏移，並進入狀態 96
    '&'  偏移，並進入狀態 97
    '<'  偏移，並進入狀態 98
    '>'  偏移，並進入狀態 99
    GE   偏移，並進入狀態 100
    LE   偏移，並進入狀態 101
    NE   偏移，並進入狀態 102
    EQ   偏移，並進入狀態 103
    RS   偏移，並進入狀態 104
    LS   偏移，並進入狀態 105
    '+'  偏移，並進入狀態 106
    '-'  偏移，並進入狀態 107
    '*'  偏移，並進入狀態 108
    '/'  偏移，並進入狀態 109
    '%'  偏移，並進入狀態 110

    $預設  使用規則 41 以縮減 (expr)


狀態 119

   40 expr: ID DA expr .
   48     | expr . OR expr
   49     | expr . AN expr
   50     | expr . '|' expr
   51     | expr . '^' expr
   52     | expr . '&' expr
   53     | expr . EQ expr
   54     | expr . NE expr
   55     | expr . '<' expr
   56     | expr . '>' expr
   57     | expr . LE expr
   58     | expr . GE expr
   59     | expr . LS expr
   60     | expr . RS expr
   61     | expr . '+' expr
   62     | expr . '-' expr
   63     | expr . '*' expr
   64     | expr . '/' expr
   65     | expr . '%' expr
   66     | expr . '%' expr

    OR   偏移，並進入狀態 93
    AN   偏移，並進入狀態 94
    '|'  偏移，並進入狀態 95
    '^'  偏移，並進入狀態 96
    '&'  偏移，並進入狀態 97
    '<'  偏移，並進入狀態 98
    '>'  偏移，並進入狀態 99
    GE   偏移，並進入狀態 100
    LE   偏移，並進入狀態 101
    NE   偏移，並進入狀態 102
    EQ   偏移，並進入狀態 103
    RS   偏移，並進入狀態 104
    LS   偏移，並進入狀態 105
    '+'  偏移，並進入狀態 106
    '-'  偏移，並進入狀態 107
    '*'  偏移，並進入狀態 108
    '/'  偏移，並進入狀態 109
    '%'  偏移，並進入狀態 110

    $預設  使用規則 40 以縮減 (expr)


狀態 120

   39 expr: ID TA expr .
   48     | expr . OR expr
   49     | expr . AN expr
   50     | expr . '|' expr
   51     | expr . '^' expr
   52     | expr . '&' expr
   53     | expr . EQ expr
   54     | expr . NE expr
   55     | expr . '<' expr
   56     | expr . '>' expr
   57     | expr . LE expr
   58     | expr . GE expr
   59     | expr . LS expr
   60     | expr . RS expr
   61     | expr . '+' expr
   62     | expr . '-' expr
   63     | expr . '*' expr
   64     | expr . '/' expr
   65     | expr . '%' expr
   66     | expr . '%' expr

    OR   偏移，並進入狀態 93
    AN   偏移，並進入狀態 94
    '|'  偏移，並進入狀態 95
    '^'  偏移，並進入狀態 96
    '&'  偏移，並進入狀態 97
    '<'  偏移，並進入狀態 98
    '>'  偏移，並進入狀態 99
    GE   偏移，並進入狀態 100
    LE   偏移，並進入狀態 101
    NE   偏移，並進入狀態 102
    EQ   偏移，並進入狀態 103
    RS   偏移，並進入狀態 104
    LS   偏移，並進入狀態 105
    '+'  偏移，並進入狀態 106
    '-'  偏移，並進入狀態 107
    '*'  偏移，並進入狀態 108
    '/'  偏移，並進入狀態 109
    '%'  偏移，並進入狀態 110

    $預設  使用規則 39 以縮減 (expr)


狀態 121

   38 expr: ID NA expr .
   48     | expr . OR expr
   49     | expr . AN expr
   50     | expr . '|' expr
   51     | expr . '^' expr
   52     | expr . '&' expr
   53     | expr . EQ expr
   54     | expr . NE expr
   55     | expr . '<' expr
   56     | expr . '>' expr
   57     | expr . LE expr
   58     | expr . GE expr
   59     | expr . LS expr
   60     | expr . RS expr
   61     | expr . '+' expr
   62     | expr . '-' expr
   63     | expr . '*' expr
   64     | expr . '/' expr
   65     | expr . '%' expr
   66     | expr . '%' expr

    OR   偏移，並進入狀態 93
    AN   偏移，並進入狀態 94
    '|'  偏移，並進入狀態 95
    '^'  偏移，並進入狀態 96
    '&'  偏移，並進入狀態 97
    '<'  偏移，並進入狀態 98
    '>'  偏移，並進入狀態 99
    GE   偏移，並進入狀態 100
    LE   偏移，並進入狀態 101
    NE   偏移，並進入狀態 102
    EQ   偏移，並進入狀態 103
    RS   偏移，並進入狀態 104
    LS   偏移，並進入狀態 105
    '+'  偏移，並進入狀態 106
    '-'  偏移，並進入狀態 107
    '*'  偏移，並進入狀態 108
    '/'  偏移，並進入狀態 109
    '%'  偏移，並進入狀態 110

    $預設  使用規則 38 以縮減 (expr)


狀態 122

   37 expr: ID PA expr .
   48     | expr . OR expr
   49     | expr . AN expr
   50     | expr . '|' expr
   51     | expr . '^' expr
   52     | expr . '&' expr
   53     | expr . EQ expr
   54     | expr . NE expr
   55     | expr . '<' expr
   56     | expr . '>' expr
   57     | expr . LE expr
   58     | expr . GE expr
   59     | expr . LS expr
   60     | expr . RS expr
   61     | expr . '+' expr
   62     | expr . '-' expr
   63     | expr . '*' expr
   64     | expr . '/' expr
   65     | expr . '%' expr
   66     | expr . '%' expr

    OR   偏移，並進入狀態 93
    AN   偏移，並進入狀態 94
    '|'  偏移，並進入狀態 95
    '^'  偏移，並進入狀態 96
    '&'  偏移，並進入狀態 97
    '<'  偏移，並進入狀態 98
    '>'  偏移，並進入狀態 99
    GE   偏移，並進入狀態 100
    LE   偏移，並進入狀態 101
    NE   偏移，並進入狀態 102
    EQ   偏移，並進入狀態 103
    RS   偏移，並進入狀態 104
    LS   偏移，並進入狀態 105
    '+'  偏移，並進入狀態 106
    '-'  偏移，並進入狀態 107
    '*'  偏移，並進入狀態 108
    '/'  偏移，並進入狀態 109
    '%'  偏移，並進入狀態 110

    $預設  使用規則 37 以縮減 (expr)


狀態 123

   34 exprs: exprs . ',' expr
   82 expr: ID '(' exprs . ')'

    ')'  偏移，並進入狀態 150
    ','  偏移，並進入狀態 151


狀態 124

   35 exprs: expr .
   48 expr: expr . OR expr
   49     | expr . AN expr
   50     | expr . '|' expr
   51     | expr . '^' expr
   52     | expr . '&' expr
   53     | expr . EQ expr
   54     | expr . NE expr
   55     | expr . '<' expr
   56     | expr . '>' expr
   57     | expr . LE expr
   58     | expr . GE expr
   59     | expr . LS expr
   60     | expr . RS expr
   61     | expr . '+' expr
   62     | expr . '-' expr
   63     | expr . '*' expr
   64     | expr . '/' expr
   65     | expr . '%' expr
   66     | expr . '%' expr

    OR   偏移，並進入狀態 93
    AN   偏移，並進入狀態 94
    '|'  偏移，並進入狀態 95
    '^'  偏移，並進入狀態 96
    '&'  偏移，並進入狀態 97
    '<'  偏移，並進入狀態 98
    '>'  偏移，並進入狀態 99
    GE   偏移，並進入狀態 100
    LE   偏移，並進入狀態 101
    NE   偏移，並進入狀態 102
    EQ   偏移，並進入狀態 103
    RS   偏移，並進入狀態 104
    LS   偏移，並進入狀態 105
    '+'  偏移，並進入狀態 106
    '-'  偏移，並進入狀態 107
    '*'  偏移，並進入狀態 108
    '/'  偏移，並進入狀態 109
    '%'  偏移，並進入狀態 110

    $預設  使用規則 35 以縮減 (exprs)


狀態 125

   28 stmt: DO L stmt . WHILE '(' expr M N L ')' ';'

    WHILE  偏移，並進入狀態 152


狀態 126

   29 stmt: FOR '(' expr . O ';' L expr M N ';' L expr O N ')' L stmt
   48 expr: expr . OR expr
   49     | expr . AN expr
   50     | expr . '|' expr
   51     | expr . '^' expr
   52     | expr . '&' expr
   53     | expr . EQ expr
   54     | expr . NE expr
   55     | expr . '<' expr
   56     | expr . '>' expr
   57     | expr . LE expr
   58     | expr . GE expr
   59     | expr . LS expr
   60     | expr . RS expr
   61     | expr . '+' expr
   62     | expr . '-' expr
   63     | expr . '*' expr
   64     | expr . '/' expr
   65     | expr . '%' expr
   66     | expr . '%' expr

    OR   偏移，並進入狀態 93
    AN   偏移，並進入狀態 94
    '|'  偏移，並進入狀態 95
    '^'  偏移，並進入狀態 96
    '&'  偏移，並進入狀態 97
    '<'  偏移，並進入狀態 98
    '>'  偏移，並進入狀態 99
    GE   偏移，並進入狀態 100
    LE   偏移，並進入狀態 101
    NE   偏移，並進入狀態 102
    EQ   偏移，並進入狀態 103
    RS   偏移，並進入狀態 104
    LS   偏移，並進入狀態 105
    '+'  偏移，並進入狀態 106
    '-'  偏移，並進入狀態 107
    '*'  偏移，並進入狀態 108
    '/'  偏移，並進入狀態 109
    '%'  偏移，並進入狀態 110

    $預設  使用規則 86 以縮減 (O)

    O  進入狀態 153


狀態 127

   26 stmt: IF '(' expr . M ')' stmt N L else_stmt L
   48 expr: expr . OR expr
   49     | expr . AN expr
   50     | expr . '|' expr
   51     | expr . '^' expr
   52     | expr . '&' expr
   53     | expr . EQ expr
   54     | expr . NE expr
   55     | expr . '<' expr
   56     | expr . '>' expr
   57     | expr . LE expr
   58     | expr . GE expr
   59     | expr . LS expr
   60     | expr . RS expr
   61     | expr . '+' expr
   62     | expr . '-' expr
   63     | expr . '*' expr
   64     | expr . '/' expr
   65     | expr . '%' expr
   66     | expr . '%' expr

    OR   偏移，並進入狀態 93
    AN   偏移，並進入狀態 94
    '|'  偏移，並進入狀態 95
    '^'  偏移，並進入狀態 96
    '&'  偏移，並進入狀態 97
    '<'  偏移，並進入狀態 98
    '>'  偏移，並進入狀態 99
    GE   偏移，並進入狀態 100
    LE   偏移，並進入狀態 101
    NE   偏移，並進入狀態 102
    EQ   偏移，並進入狀態 103
    RS   偏移，並進入狀態 104
    LS   偏移，並進入狀態 105
    '+'  偏移，並進入狀態 106
    '-'  偏移，並進入狀態 107
    '*'  偏移，並進入狀態 108
    '/'  偏移，並進入狀態 109
    '%'  偏移，並進入狀態 110

    $預設  使用規則 84 以縮減 (M)

    M  進入狀態 154


狀態 128

   30 stmt: RETURN expr ';' .

    $預設  使用規則 30 以縮減 (stmt)


狀態 129

   27 stmt: WHILE '(' L . expr M ')' stmt N L

    ID     偏移，並進入狀態 37
    INT8   偏移，並進入狀態 38
    INT16  偏移，並進入狀態 39
    INT32  偏移，並進入狀態 40
    FLT    偏移，並進入狀態 41
    STR    偏移，並進入狀態 42
    '+'    偏移，並進入狀態 49
    '-'    偏移，並進入狀態 50
    '!'    偏移，並進入狀態 51
    '~'    偏移，並進入狀態 52
    NN     偏移，並進入狀態 53
    PP     偏移，並進入狀態 54
    '('    偏移，並進入狀態 55
    '$'    偏移，並進入狀態 59

    expr  進入狀態 155


狀態 130

   71 expr: '(' expr ')' .

    $預設  使用規則 71 以縮減 (expr)


狀態 131

   32 stmt: '{' stmts '}' .

    $預設  使用規則 32 以縮減 (stmt)


狀態 132

   48 expr: expr . OR expr
   48     | expr OR expr .
   49     | expr . AN expr
   50     | expr . '|' expr
   51     | expr . '^' expr
   52     | expr . '&' expr
   53     | expr . EQ expr
   54     | expr . NE expr
   55     | expr . '<' expr
   56     | expr . '>' expr
   57     | expr . LE expr
   58     | expr . GE expr
   59     | expr . LS expr
   60     | expr . RS expr
   61     | expr . '+' expr
   62     | expr . '-' expr
   63     | expr . '*' expr
   64     | expr . '/' expr
   65     | expr . '%' expr
   66     | expr . '%' expr

    AN   偏移，並進入狀態 94
    '|'  偏移，並進入狀態 95
    '^'  偏移，並進入狀態 96
    '&'  偏移，並進入狀態 97
    '<'  偏移，並進入狀態 98
    '>'  偏移，並進入狀態 99
    GE   偏移，並進入狀態 100
    LE   偏移，並進入狀態 101
    NE   偏移，並進入狀態 102
    EQ   偏移，並進入狀態 103
    RS   偏移，並進入狀態 104
    LS   偏移，並進入狀態 105
    '+'  偏移，並進入狀態 106
    '-'  偏移，並進入狀態 107
    '*'  偏移，並進入狀態 108
    '/'  偏移，並進入狀態 109
    '%'  偏移，並進入狀態 110

    $預設  使用規則 48 以縮減 (expr)


狀態 133

   48 expr: expr . OR expr
   49     | expr . AN expr
   49     | expr AN expr .
   50     | expr . '|' expr
   51     | expr . '^' expr
   52     | expr . '&' expr
   53     | expr . EQ expr
   54     | expr . NE expr
   55     | expr . '<' expr
   56     | expr . '>' expr
   57     | expr . LE expr
   58     | expr . GE expr
   59     | expr . LS expr
   60     | expr . RS expr
   61     | expr . '+' expr
   62     | expr . '-' expr
   63     | expr . '*' expr
   64     | expr . '/' expr
   65     | expr . '%' expr
   66     | expr . '%' expr

    '|'  偏移，並進入狀態 95
    '^'  偏移，並進入狀態 96
    '&'  偏移，並進入狀態 97
    '<'  偏移，並進入狀態 98
    '>'  偏移，並進入狀態 99
    GE   偏移，並進入狀態 100
    LE   偏移，並進入狀態 101
    NE   偏移，並進入狀態 102
    EQ   偏移，並進入狀態 103
    RS   偏移，並進入狀態 104
    LS   偏移，並進入狀態 105
    '+'  偏移，並進入狀態 106
    '-'  偏移，並進入狀態 107
    '*'  偏移，並進入狀態 108
    '/'  偏移，並進入狀態 109
    '%'  偏移，並進入狀態 110

    $預設  使用規則 49 以縮減 (expr)


狀態 134

   48 expr: expr . OR expr
   49     | expr . AN expr
   50     | expr . '|' expr
   50     | expr '|' expr .
   51     | expr . '^' expr
   52     | expr . '&' expr
   53     | expr . EQ expr
   54     | expr . NE expr
   55     | expr . '<' expr
   56     | expr . '>' expr
   57     | expr . LE expr
   58     | expr . GE expr
   59     | expr . LS expr
   60     | expr . RS expr
   61     | expr . '+' expr
   62     | expr . '-' expr
   63     | expr . '*' expr
   64     | expr . '/' expr
   65     | expr . '%' expr
   66     | expr . '%' expr

    '^'  偏移，並進入狀態 96
    '&'  偏移，並進入狀態 97
    '<'  偏移，並進入狀態 98
    '>'  偏移，並進入狀態 99
    GE   偏移，並進入狀態 100
    LE   偏移，並進入狀態 101
    NE   偏移，並進入狀態 102
    EQ   偏移，並進入狀態 103
    RS   偏移，並進入狀態 104
    LS   偏移，並進入狀態 105
    '+'  偏移，並進入狀態 106
    '-'  偏移，並進入狀態 107
    '*'  偏移，並進入狀態 108
    '/'  偏移，並進入狀態 109
    '%'  偏移，並進入狀態 110

    $預設  使用規則 50 以縮減 (expr)


狀態 135

   48 expr: expr . OR expr
   49     | expr . AN expr
   50     | expr . '|' expr
   51     | expr . '^' expr
   51     | expr '^' expr .
   52     | expr . '&' expr
   53     | expr . EQ expr
   54     | expr . NE expr
   55     | expr . '<' expr
   56     | expr . '>' expr
   57     | expr . LE expr
   58     | expr . GE expr
   59     | expr . LS expr
   60     | expr . RS expr
   61     | expr . '+' expr
   62     | expr . '-' expr
   63     | expr . '*' expr
   64     | expr . '/' expr
   65     | expr . '%' expr
   66     | expr . '%' expr

    '&'  偏移，並進入狀態 97
    '<'  偏移，並進入狀態 98
    '>'  偏移，並進入狀態 99
    GE   偏移，並進入狀態 100
    LE   偏移，並進入狀態 101
    NE   偏移，並進入狀態 102
    EQ   偏移，並進入狀態 103
    RS   偏移，並進入狀態 104
    LS   偏移，並進入狀態 105
    '+'  偏移，並進入狀態 106
    '-'  偏移，並進入狀態 107
    '*'  偏移，並進入狀態 108
    '/'  偏移，並進入狀態 109
    '%'  偏移，並進入狀態 110

    $預設  使用規則 51 以縮減 (expr)


狀態 136

   48 expr: expr . OR expr
   49     | expr . AN expr
   50     | expr . '|' expr
   51     | expr . '^' expr
   52     | expr . '&' expr
   52     | expr '&' expr .
   53     | expr . EQ expr
   54     | expr . NE expr
   55     | expr . '<' expr
   56     | expr . '>' expr
   57     | expr . LE expr
   58     | expr . GE expr
   59     | expr . LS expr
   60     | expr . RS expr
   61     | expr . '+' expr
   62     | expr . '-' expr
   63     | expr . '*' expr
   64     | expr . '/' expr
   65     | expr . '%' expr
   66     | expr . '%' expr

    '<'  偏移，並進入狀態 98
    '>'  偏移，並進入狀態 99
    GE   偏移，並進入狀態 100
    LE   偏移，並進入狀態 101
    NE   偏移，並進入狀態 102
    EQ   偏移，並進入狀態 103
    RS   偏移，並進入狀態 104
    LS   偏移，並進入狀態 105
    '+'  偏移，並進入狀態 106
    '-'  偏移，並進入狀態 107
    '*'  偏移，並進入狀態 108
    '/'  偏移，並進入狀態 109
    '%'  偏移，並進入狀態 110

    $預設  使用規則 52 以縮減 (expr)


狀態 137

   48 expr: expr . OR expr
   49     | expr . AN expr
   50     | expr . '|' expr
   51     | expr . '^' expr
   52     | expr . '&' expr
   53     | expr . EQ expr
   54     | expr . NE expr
   55     | expr . '<' expr
   55     | expr '<' expr .
   56     | expr . '>' expr
   57     | expr . LE expr
   58     | expr . GE expr
   59     | expr . LS expr
   60     | expr . RS expr
   61     | expr . '+' expr
   62     | expr . '-' expr
   63     | expr . '*' expr
   64     | expr . '/' expr
   65     | expr . '%' expr
   66     | expr . '%' expr

    RS   偏移，並進入狀態 104
    LS   偏移，並進入狀態 105
    '+'  偏移，並進入狀態 106
    '-'  偏移，並進入狀態 107
    '*'  偏移，並進入狀態 108
    '/'  偏移，並進入狀態 109
    '%'  偏移，並進入狀態 110

    $預設  使用規則 55 以縮減 (expr)


狀態 138

   48 expr: expr . OR expr
   49     | expr . AN expr
   50     | expr . '|' expr
   51     | expr . '^' expr
   52     | expr . '&' expr
   53     | expr . EQ expr
   54     | expr . NE expr
   55     | expr . '<' expr
   56     | expr . '>' expr
   56     | expr '>' expr .
   57     | expr . LE expr
   58     | expr . GE expr
   59     | expr . LS expr
   60     | expr . RS expr
   61     | expr . '+' expr
   62     | expr . '-' expr
   63     | expr . '*' expr
   64     | expr . '/' expr
   65     | expr . '%' expr
   66     | expr . '%' expr

    RS   偏移，並進入狀態 104
    LS   偏移，並進入狀態 105
    '+'  偏移，並進入狀態 106
    '-'  偏移，並進入狀態 107
    '*'  偏移，並進入狀態 108
    '/'  偏移，並進入狀態 109
    '%'  偏移，並進入狀態 110

    $預設  使用規則 56 以縮減 (expr)


狀態 139

   48 expr: expr . OR expr
   49     | expr . AN expr
   50     | expr . '|' expr
   51     | expr . '^' expr
   52     | expr . '&' expr
   53     | expr . EQ expr
   54     | expr . NE expr
   55     | expr . '<' expr
   56     | expr . '>' expr
   57     | expr . LE expr
   58     | expr . GE expr
   58     | expr GE expr .
   59     | expr . LS expr
   60     | expr . RS expr
   61     | expr . '+' expr
   62     | expr . '-' expr
   63     | expr . '*' expr
   64     | expr . '/' expr
   65     | expr . '%' expr
   66     | expr . '%' expr

    RS   偏移，並進入狀態 104
    LS   偏移，並進入狀態 105
    '+'  偏移，並進入狀態 106
    '-'  偏移，並進入狀態 107
    '*'  偏移，並進入狀態 108
    '/'  偏移，並進入狀態 109
    '%'  偏移，並進入狀態 110

    $預設  使用規則 58 以縮減 (expr)


狀態 140

   48 expr: expr . OR expr
   49     | expr . AN expr
   50     | expr . '|' expr
   51     | expr . '^' expr
   52     | expr . '&' expr
   53     | expr . EQ expr
   54     | expr . NE expr
   55     | expr . '<' expr
   56     | expr . '>' expr
   57     | expr . LE expr
   57     | expr LE expr .
   58     | expr . GE expr
   59     | expr . LS expr
   60     | expr . RS expr
   61     | expr . '+' expr
   62     | expr . '-' expr
   63     | expr . '*' expr
   64     | expr . '/' expr
   65     | expr . '%' expr
   66     | expr . '%' expr

    RS   偏移，並進入狀態 104
    LS   偏移，並進入狀態 105
    '+'  偏移，並進入狀態 106
    '-'  偏移，並進入狀態 107
    '*'  偏移，並進入狀態 108
    '/'  偏移，並進入狀態 109
    '%'  偏移，並進入狀態 110

    $預設  使用規則 57 以縮減 (expr)


狀態 141

   48 expr: expr . OR expr
   49     | expr . AN expr
   50     | expr . '|' expr
   51     | expr . '^' expr
   52     | expr . '&' expr
   53     | expr . EQ expr
   54     | expr . NE expr
   54     | expr NE expr .
   55     | expr . '<' expr
   56     | expr . '>' expr
   57     | expr . LE expr
   58     | expr . GE expr
   59     | expr . LS expr
   60     | expr . RS expr
   61     | expr . '+' expr
   62     | expr . '-' expr
   63     | expr . '*' expr
   64     | expr . '/' expr
   65     | expr . '%' expr
   66     | expr . '%' expr

    RS   偏移，並進入狀態 104
    LS   偏移，並進入狀態 105
    '+'  偏移，並進入狀態 106
    '-'  偏移，並進入狀態 107
    '*'  偏移，並進入狀態 108
    '/'  偏移，並進入狀態 109
    '%'  偏移，並進入狀態 110

    $預設  使用規則 54 以縮減 (expr)


狀態 142

   48 expr: expr . OR expr
   49     | expr . AN expr
   50     | expr . '|' expr
   51     | expr . '^' expr
   52     | expr . '&' expr
   53     | expr . EQ expr
   53     | expr EQ expr .
   54     | expr . NE expr
   55     | expr . '<' expr
   56     | expr . '>' expr
   57     | expr . LE expr
   58     | expr . GE expr
   59     | expr . LS expr
   60     | expr . RS expr
   61     | expr . '+' expr
   62     | expr . '-' expr
   63     | expr . '*' expr
   64     | expr . '/' expr
   65     | expr . '%' expr
   66     | expr . '%' expr

    RS   偏移，並進入狀態 104
    LS   偏移，並進入狀態 105
    '+'  偏移，並進入狀態 106
    '-'  偏移，並進入狀態 107
    '*'  偏移，並進入狀態 108
    '/'  偏移，並進入狀態 109
    '%'  偏移，並進入狀態 110

    $預設  使用規則 53 以縮減 (expr)


狀態 143

   48 expr: expr . OR expr
   49     | expr . AN expr
   50     | expr . '|' expr
   51     | expr . '^' expr
   52     | expr . '&' expr
   53     | expr . EQ expr
   54     | expr . NE expr
   55     | expr . '<' expr
   56     | expr . '>' expr
   57     | expr . LE expr
   58     | expr . GE expr
   59     | expr . LS expr
   60     | expr . RS expr
   60     | expr RS expr .
   61     | expr . '+' expr
   62     | expr . '-' expr
   63     | expr . '*' expr
   64     | expr . '/' expr
   65     | expr . '%' expr
   66     | expr . '%' expr

    '+'  偏移，並進入狀態 106
    '-'  偏移，並進入狀態 107
    '*'  偏移，並進入狀態 108
    '/'  偏移，並進入狀態 109
    '%'  偏移，並進入狀態 110

    $預設  使用規則 60 以縮減 (expr)


狀態 144

   48 expr: expr . OR expr
   49     | expr . AN expr
   50     | expr . '|' expr
   51     | expr . '^' expr
   52     | expr . '&' expr
   53     | expr . EQ expr
   54     | expr . NE expr
   55     | expr . '<' expr
   56     | expr . '>' expr
   57     | expr . LE expr
   58     | expr . GE expr
   59     | expr . LS expr
   59     | expr LS expr .
   60     | expr . RS expr
   61     | expr . '+' expr
   62     | expr . '-' expr
   63     | expr . '*' expr
   64     | expr . '/' expr
   65     | expr . '%' expr
   66     | expr . '%' expr

    '+'  偏移，並進入狀態 106
    '-'  偏移，並進入狀態 107
    '*'  偏移，並進入狀態 108
    '/'  偏移，並進入狀態 109
    '%'  偏移，並進入狀態 110

    $預設  使用規則 59 以縮減 (expr)


狀態 145

   48 expr: expr . OR expr
   49     | expr . AN expr
   50     | expr . '|' expr
   51     | expr . '^' expr
   52     | expr . '&' expr
   53     | expr . EQ expr
   54     | expr . NE expr
   55     | expr . '<' expr
   56     | expr . '>' expr
   57     | expr . LE expr
   58     | expr . GE expr
   59     | expr . LS expr
   60     | expr . RS expr
   61     | expr . '+' expr
   61     | expr '+' expr .
   62     | expr . '-' expr
   63     | expr . '*' expr
   64     | expr . '/' expr
   65     | expr . '%' expr
   66     | expr . '%' expr

    '*'  偏移，並進入狀態 108
    '/'  偏移，並進入狀態 109
    '%'  偏移，並進入狀態 110

    $預設  使用規則 61 以縮減 (expr)


狀態 146

   48 expr: expr . OR expr
   49     | expr . AN expr
   50     | expr . '|' expr
   51     | expr . '^' expr
   52     | expr . '&' expr
   53     | expr . EQ expr
   54     | expr . NE expr
   55     | expr . '<' expr
   56     | expr . '>' expr
   57     | expr . LE expr
   58     | expr . GE expr
   59     | expr . LS expr
   60     | expr . RS expr
   61     | expr . '+' expr
   62     | expr . '-' expr
   62     | expr '-' expr .
   63     | expr . '*' expr
   64     | expr . '/' expr
   65     | expr . '%' expr
   66     | expr . '%' expr

    '*'  偏移，並進入狀態 108
    '/'  偏移，並進入狀態 109
    '%'  偏移，並進入狀態 110

    $預設  使用規則 62 以縮減 (expr)


狀態 147

   48 expr: expr . OR expr
   49     | expr . AN expr
   50     | expr . '|' expr
   51     | expr . '^' expr
   52     | expr . '&' expr
   53     | expr . EQ expr
   54     | expr . NE expr
   55     | expr . '<' expr
   56     | expr . '>' expr
   57     | expr . LE expr
   58     | expr . GE expr
   59     | expr . LS expr
   60     | expr . RS expr
   61     | expr . '+' expr
   62     | expr . '-' expr
   63     | expr . '*' expr
   63     | expr '*' expr .
   64     | expr . '/' expr
   65     | expr . '%' expr
   66     | expr . '%' expr

    $預設  使用規則 63 以縮減 (expr)


狀態 148

   48 expr: expr . OR expr
   49     | expr . AN expr
   50     | expr . '|' expr
   51     | expr . '^' expr
   52     | expr . '&' expr
   53     | expr . EQ expr
   54     | expr . NE expr
   55     | expr . '<' expr
   56     | expr . '>' expr
   57     | expr . LE expr
   58     | expr . GE expr
   59     | expr . LS expr
   60     | expr . RS expr
   61     | expr . '+' expr
   62     | expr . '-' expr
   63     | expr . '*' expr
   64     | expr . '/' expr
   64     | expr '/' expr .
   65     | expr . '%' expr
   66     | expr . '%' expr

    $預設  使用規則 64 以縮減 (expr)


狀態 149

   48 expr: expr . OR expr
   49     | expr . AN expr
   50     | expr . '|' expr
   51     | expr . '^' expr
   52     | expr . '&' expr
   53     | expr . EQ expr
   54     | expr . NE expr
   55     | expr . '<' expr
   56     | expr . '>' expr
   57     | expr . LE expr
   58     | expr . GE expr
   59     | expr . LS expr
   60     | expr . RS expr
   61     | expr . '+' expr
   62     | expr . '-' expr
   63     | expr . '*' expr
   64     | expr . '/' expr
   65     | expr . '%' expr
   65     | expr '%' expr .
   66     | expr . '%' expr
   66     | expr '%' expr .

    OR       使用規則 65 以縮減 (expr)
    OR       [使用規則 66 以縮減 (expr)]
    AN       使用規則 65 以縮減 (expr)
    AN       [使用規則 66 以縮減 (expr)]
    '|'      使用規則 65 以縮減 (expr)
    '|'      [使用規則 66 以縮減 (expr)]
    '^'      使用規則 65 以縮減 (expr)
    '^'      [使用規則 66 以縮減 (expr)]
    '&'      使用規則 65 以縮減 (expr)
    '&'      [使用規則 66 以縮減 (expr)]
    '<'      使用規則 65 以縮減 (expr)
    '<'      [使用規則 66 以縮減 (expr)]
    '>'      使用規則 65 以縮減 (expr)
    '>'      [使用規則 66 以縮減 (expr)]
    GE       使用規則 65 以縮減 (expr)
    GE       [使用規則 66 以縮減 (expr)]
    LE       使用規則 65 以縮減 (expr)
    LE       [使用規則 66 以縮減 (expr)]
    NE       使用規則 65 以縮減 (expr)
    NE       [使用規則 66 以縮減 (expr)]
    EQ       使用規則 65 以縮減 (expr)
    EQ       [使用規則 66 以縮減 (expr)]
    RS       使用規則 65 以縮減 (expr)
    RS       [使用規則 66 以縮減 (expr)]
    LS       使用規則 65 以縮減 (expr)
    LS       [使用規則 66 以縮減 (expr)]
    '+'      使用規則 65 以縮減 (expr)
    '+'      [使用規則 66 以縮減 (expr)]
    '-'      使用規則 65 以縮減 (expr)
    '-'      [使用規則 66 以縮減 (expr)]
    '*'      使用規則 65 以縮減 (expr)
    '*'      [使用規則 66 以縮減 (expr)]
    '/'      使用規則 65 以縮減 (expr)
    '/'      [使用規則 66 以縮減 (expr)]
    '%'      使用規則 65 以縮減 (expr)
    '%'      [使用規則 66 以縮減 (expr)]
    ')'      使用規則 65 以縮減 (expr)
    ')'      [使用規則 66 以縮減 (expr)]
    ';'      使用規則 65 以縮減 (expr)
    ';'      [使用規則 66 以縮減 (expr)]
    ','      使用規則 65 以縮減 (expr)
    ','      [使用規則 66 以縮減 (expr)]
    $預設  使用規則 65 以縮減 (expr)


狀態 150

   82 expr: ID '(' exprs ')' .

    $預設  使用規則 82 以縮減 (expr)


狀態 151

   34 exprs: exprs ',' . expr

    ID     偏移，並進入狀態 37
    INT8   偏移，並進入狀態 38
    INT16  偏移，並進入狀態 39
    INT32  偏移，並進入狀態 40
    FLT    偏移，並進入狀態 41
    STR    偏移，並進入狀態 42
    '+'    偏移，並進入狀態 49
    '-'    偏移，並進入狀態 50
    '!'    偏移，並進入狀態 51
    '~'    偏移，並進入狀態 52
    NN     偏移，並進入狀態 53
    PP     偏移，並進入狀態 54
    '('    偏移，並進入狀態 55
    '$'    偏移，並進入狀態 59

    expr  進入狀態 156


狀態 152

   28 stmt: DO L stmt WHILE . '(' expr M N L ')' ';'

    '('  偏移，並進入狀態 157


狀態 153

   29 stmt: FOR '(' expr O . ';' L expr M N ';' L expr O N ')' L stmt

    ';'  偏移，並進入狀態 158


狀態 154

   26 stmt: IF '(' expr M . ')' stmt N L else_stmt L

    ')'  偏移，並進入狀態 159


狀態 155

   27 stmt: WHILE '(' L expr . M ')' stmt N L
   48 expr: expr . OR expr
   49     | expr . AN expr
   50     | expr . '|' expr
   51     | expr . '^' expr
   52     | expr . '&' expr
   53     | expr . EQ expr
   54     | expr . NE expr
   55     | expr . '<' expr
   56     | expr . '>' expr
   57     | expr . LE expr
   58     | expr . GE expr
   59     | expr . LS expr
   60     | expr . RS expr
   61     | expr . '+' expr
   62     | expr . '-' expr
   63     | expr . '*' expr
   64     | expr . '/' expr
   65     | expr . '%' expr
   66     | expr . '%' expr

    OR   偏移，並進入狀態 93
    AN   偏移，並進入狀態 94
    '|'  偏移，並進入狀態 95
    '^'  偏移，並進入狀態 96
    '&'  偏移，並進入狀態 97
    '<'  偏移，並進入狀態 98
    '>'  偏移，並進入狀態 99
    GE   偏移，並進入狀態 100
    LE   偏移，並進入狀態 101
    NE   偏移，並進入狀態 102
    EQ   偏移，並進入狀態 103
    RS   偏移，並進入狀態 104
    LS   偏移，並進入狀態 105
    '+'  偏移，並進入狀態 106
    '-'  偏移，並進入狀態 107
    '*'  偏移，並進入狀態 108
    '/'  偏移，並進入狀態 109
    '%'  偏移，並進入狀態 110

    $預設  使用規則 84 以縮減 (M)

    M  進入狀態 160


狀態 156

   34 exprs: exprs ',' expr .
   48 expr: expr . OR expr
   49     | expr . AN expr
   50     | expr . '|' expr
   51     | expr . '^' expr
   52     | expr . '&' expr
   53     | expr . EQ expr
   54     | expr . NE expr
   55     | expr . '<' expr
   56     | expr . '>' expr
   57     | expr . LE expr
   58     | expr . GE expr
   59     | expr . LS expr
   60     | expr . RS expr
   61     | expr . '+' expr
   62     | expr . '-' expr
   63     | expr . '*' expr
   64     | expr . '/' expr
   65     | expr . '%' expr
   66     | expr . '%' expr

    OR   偏移，並進入狀態 93
    AN   偏移，並進入狀態 94
    '|'  偏移，並進入狀態 95
    '^'  偏移，並進入狀態 96
    '&'  偏移，並進入狀態 97
    '<'  偏移，並進入狀態 98
    '>'  偏移，並進入狀態 99
    GE   偏移，並進入狀態 100
    LE   偏移，並進入狀態 101
    NE   偏移，並進入狀態 102
    EQ   偏移，並進入狀態 103
    RS   偏移，並進入狀態 104
    LS   偏移，並進入狀態 105
    '+'  偏移，並進入狀態 106
    '-'  偏移，並進入狀態 107
    '*'  偏移，並進入狀態 108
    '/'  偏移，並進入狀態 109
    '%'  偏移，並進入狀態 110

    $預設  使用規則 34 以縮減 (exprs)


狀態 157

   28 stmt: DO L stmt WHILE '(' . expr M N L ')' ';'

    ID     偏移，並進入狀態 37
    INT8   偏移，並進入狀態 38
    INT16  偏移，並進入狀態 39
    INT32  偏移，並進入狀態 40
    FLT    偏移，並進入狀態 41
    STR    偏移，並進入狀態 42
    '+'    偏移，並進入狀態 49
    '-'    偏移，並進入狀態 50
    '!'    偏移，並進入狀態 51
    '~'    偏移，並進入狀態 52
    NN     偏移，並進入狀態 53
    PP     偏移，並進入狀態 54
    '('    偏移，並進入狀態 55
    '$'    偏移，並進入狀態 59

    expr  進入狀態 161


狀態 158

   29 stmt: FOR '(' expr O ';' . L expr M N ';' L expr O N ')' L stmt

    $預設  使用規則 83 以縮減 (L)

    L  進入狀態 162


狀態 159

   26 stmt: IF '(' expr M ')' . stmt N L else_stmt L

    error   偏移，並進入狀態 36
    ID      偏移，並進入狀態 37
    INT8    偏移，並進入狀態 38
    INT16   偏移，並進入狀態 39
    INT32   偏移，並進入狀態 40
    FLT     偏移，並進入狀態 41
    STR     偏移，並進入狀態 42
    DO      偏移，並進入狀態 43
    FOR     偏移，並進入狀態 44
    IF      偏移，並進入狀態 45
    RETURN  偏移，並進入狀態 46
    WHILE   偏移，並進入狀態 47
    BREAK   偏移，並進入狀態 48
    '+'     偏移，並進入狀態 49
    '-'     偏移，並進入狀態 50
    '!'     偏移，並進入狀態 51
    '~'     偏移，並進入狀態 52
    NN      偏移，並進入狀態 53
    PP      偏移，並進入狀態 54
    '('     偏移，並進入狀態 55
    '{'     偏移，並進入狀態 56
    ';'     偏移，並進入狀態 58
    '$'     偏移，並進入狀態 59

    stmt  進入狀態 163
    expr  進入狀態 61


狀態 160

   27 stmt: WHILE '(' L expr M . ')' stmt N L

    ')'  偏移，並進入狀態 164


狀態 161

   28 stmt: DO L stmt WHILE '(' expr . M N L ')' ';'
   48 expr: expr . OR expr
   49     | expr . AN expr
   50     | expr . '|' expr
   51     | expr . '^' expr
   52     | expr . '&' expr
   53     | expr . EQ expr
   54     | expr . NE expr
   55     | expr . '<' expr
   56     | expr . '>' expr
   57     | expr . LE expr
   58     | expr . GE expr
   59     | expr . LS expr
   60     | expr . RS expr
   61     | expr . '+' expr
   62     | expr . '-' expr
   63     | expr . '*' expr
   64     | expr . '/' expr
   65     | expr . '%' expr
   66     | expr . '%' expr

    OR   偏移，並進入狀態 93
    AN   偏移，並進入狀態 94
    '|'  偏移，並進入狀態 95
    '^'  偏移，並進入狀態 96
    '&'  偏移，並進入狀態 97
    '<'  偏移，並進入狀態 98
    '>'  偏移，並進入狀態 99
    GE   偏移，並進入狀態 100
    LE   偏移，並進入狀態 101
    NE   偏移，並進入狀態 102
    EQ   偏移，並進入狀態 103
    RS   偏移，並進入狀態 104
    LS   偏移，並進入狀態 105
    '+'  偏移，並進入狀態 106
    '-'  偏移，並進入狀態 107
    '*'  偏移，並進入狀態 108
    '/'  偏移，並進入狀態 109
    '%'  偏移，並進入狀態 110

    $預設  使用規則 84 以縮減 (M)

    M  進入狀態 165


狀態 162

   29 stmt: FOR '(' expr O ';' L . expr M N ';' L expr O N ')' L stmt

    ID     偏移，並進入狀態 37
    INT8   偏移，並進入狀態 38
    INT16  偏移，並進入狀態 39
    INT32  偏移，並進入狀態 40
    FLT    偏移，並進入狀態 41
    STR    偏移，並進入狀態 42
    '+'    偏移，並進入狀態 49
    '-'    偏移，並進入狀態 50
    '!'    偏移，並進入狀態 51
    '~'    偏移，並進入狀態 52
    NN     偏移，並進入狀態 53
    PP     偏移，並進入狀態 54
    '('    偏移，並進入狀態 55
    '$'    偏移，並進入狀態 59

    expr  進入狀態 166


狀態 163

   26 stmt: IF '(' expr M ')' stmt . N L else_stmt L

    $預設  使用規則 85 以縮減 (N)

    N  進入狀態 167


狀態 164

   27 stmt: WHILE '(' L expr M ')' . stmt N L

    error   偏移，並進入狀態 36
    ID      偏移，並進入狀態 37
    INT8    偏移，並進入狀態 38
    INT16   偏移，並進入狀態 39
    INT32   偏移，並進入狀態 40
    FLT     偏移，並進入狀態 41
    STR     偏移，並進入狀態 42
    DO      偏移，並進入狀態 43
    FOR     偏移，並進入狀態 44
    IF      偏移，並進入狀態 45
    RETURN  偏移，並進入狀態 46
    WHILE   偏移，並進入狀態 47
    BREAK   偏移，並進入狀態 48
    '+'     偏移，並進入狀態 49
    '-'     偏移，並進入狀態 50
    '!'     偏移，並進入狀態 51
    '~'     偏移，並進入狀態 52
    NN      偏移，並進入狀態 53
    PP      偏移，並進入狀態 54
    '('     偏移，並進入狀態 55
    '{'     偏移，並進入狀態 56
    ';'     偏移，並進入狀態 58
    '$'     偏移，並進入狀態 59

    stmt  進入狀態 168
    expr  進入狀態 61


狀態 165

   28 stmt: DO L stmt WHILE '(' expr M . N L ')' ';'

    $預設  使用規則 85 以縮減 (N)

    N  進入狀態 169


狀態 166

   29 stmt: FOR '(' expr O ';' L expr . M N ';' L expr O N ')' L stmt
   48 expr: expr . OR expr
   49     | expr . AN expr
   50     | expr . '|' expr
   51     | expr . '^' expr
   52     | expr . '&' expr
   53     | expr . EQ expr
   54     | expr . NE expr
   55     | expr . '<' expr
   56     | expr . '>' expr
   57     | expr . LE expr
   58     | expr . GE expr
   59     | expr . LS expr
   60     | expr . RS expr
   61     | expr . '+' expr
   62     | expr . '-' expr
   63     | expr . '*' expr
   64     | expr . '/' expr
   65     | expr . '%' expr
   66     | expr . '%' expr

    OR   偏移，並進入狀態 93
    AN   偏移，並進入狀態 94
    '|'  偏移，並進入狀態 95
    '^'  偏移，並進入狀態 96
    '&'  偏移，並進入狀態 97
    '<'  偏移，並進入狀態 98
    '>'  偏移，並進入狀態 99
    GE   偏移，並進入狀態 100
    LE   偏移，並進入狀態 101
    NE   偏移，並進入狀態 102
    EQ   偏移，並進入狀態 103
    RS   偏移，並進入狀態 104
    LS   偏移，並進入狀態 105
    '+'  偏移，並進入狀態 106
    '-'  偏移，並進入狀態 107
    '*'  偏移，並進入狀態 108
    '/'  偏移，並進入狀態 109
    '%'  偏移，並進入狀態 110

    $預設  使用規則 84 以縮減 (M)

    M  進入狀態 170


狀態 167

   26 stmt: IF '(' expr M ')' stmt N . L else_stmt L

    $預設  使用規則 83 以縮減 (L)

    L  進入狀態 171


狀態 168

   27 stmt: WHILE '(' L expr M ')' stmt . N L

    $預設  使用規則 85 以縮減 (N)

    N  進入狀態 172


狀態 169

   28 stmt: DO L stmt WHILE '(' expr M N . L ')' ';'

    $預設  使用規則 83 以縮減 (L)

    L  進入狀態 173


狀態 170

   29 stmt: FOR '(' expr O ';' L expr M . N ';' L expr O N ')' L stmt

    $預設  使用規則 85 以縮減 (N)

    N  進入狀態 174


狀態 171

   26 stmt: IF '(' expr M ')' stmt N L . else_stmt L

    ELSE  偏移，並進入狀態 175

    else_stmt  進入狀態 176


狀態 172

   27 stmt: WHILE '(' L expr M ')' stmt N . L

    $預設  使用規則 83 以縮減 (L)

    L  進入狀態 177


狀態 173

   28 stmt: DO L stmt WHILE '(' expr M N L . ')' ';'

    ')'  偏移，並進入狀態 178


狀態 174

   29 stmt: FOR '(' expr O ';' L expr M N . ';' L expr O N ')' L stmt

    ';'  偏移，並進入狀態 179


狀態 175

    3 else_stmt: ELSE . stmt

    error   偏移，並進入狀態 36
    ID      偏移，並進入狀態 37
    INT8    偏移，並進入狀態 38
    INT16   偏移，並進入狀態 39
    INT32   偏移，並進入狀態 40
    FLT     偏移，並進入狀態 41
    STR     偏移，並進入狀態 42
    DO      偏移，並進入狀態 43
    FOR     偏移，並進入狀態 44
    IF      偏移，並進入狀態 45
    RETURN  偏移，並進入狀態 46
    WHILE   偏移，並進入狀態 47
    BREAK   偏移，並進入狀態 48
    '+'     偏移，並進入狀態 49
    '-'     偏移，並進入狀態 50
    '!'     偏移，並進入狀態 51
    '~'     偏移，並進入狀態 52
    NN      偏移，並進入狀態 53
    PP      偏移，並進入狀態 54
    '('     偏移，並進入狀態 55
    '{'     偏移，並進入狀態 56
    ';'     偏移，並進入狀態 58
    '$'     偏移，並進入狀態 59

    stmt  進入狀態 180
    expr  進入狀態 61


狀態 176

   26 stmt: IF '(' expr M ')' stmt N L else_stmt . L

    $預設  使用規則 83 以縮減 (L)

    L  進入狀態 181


狀態 177

   27 stmt: WHILE '(' L expr M ')' stmt N L .

    $預設  使用規則 27 以縮減 (stmt)


狀態 178

   28 stmt: DO L stmt WHILE '(' expr M N L ')' . ';'

    ';'  偏移，並進入狀態 182


狀態 179

   29 stmt: FOR '(' expr O ';' L expr M N ';' . L expr O N ')' L stmt

    $預設  使用規則 83 以縮減 (L)

    L  進入狀態 183


狀態 180

    3 else_stmt: ELSE stmt .

    $預設  使用規則 3 以縮減 (else_stmt)


狀態 181

   26 stmt: IF '(' expr M ')' stmt N L else_stmt L .

    $預設  使用規則 26 以縮減 (stmt)


狀態 182

   28 stmt: DO L stmt WHILE '(' expr M N L ')' ';' .

    $預設  使用規則 28 以縮減 (stmt)


狀態 183

   29 stmt: FOR '(' expr O ';' L expr M N ';' L . expr O N ')' L stmt

    ID     偏移，並進入狀態 37
    INT8   偏移，並進入狀態 38
    INT16  偏移，並進入狀態 39
    INT32  偏移，並進入狀態 40
    FLT    偏移，並進入狀態 41
    STR    偏移，並進入狀態 42
    '+'    偏移，並進入狀態 49
    '-'    偏移，並進入狀態 50
    '!'    偏移，並進入狀態 51
    '~'    偏移，並進入狀態 52
    NN     偏移，並進入狀態 53
    PP     偏移，並進入狀態 54
    '('    偏移，並進入狀態 55
    '$'    偏移，並進入狀態 59

    expr  進入狀態 184


狀態 184

   29 stmt: FOR '(' expr O ';' L expr M N ';' L expr . O N ')' L stmt
   48 expr: expr . OR expr
   49     | expr . AN expr
   50     | expr . '|' expr
   51     | expr . '^' expr
   52     | expr . '&' expr
   53     | expr . EQ expr
   54     | expr . NE expr
   55     | expr . '<' expr
   56     | expr . '>' expr
   57     | expr . LE expr
   58     | expr . GE expr
   59     | expr . LS expr
   60     | expr . RS expr
   61     | expr . '+' expr
   62     | expr . '-' expr
   63     | expr . '*' expr
   64     | expr . '/' expr
   65     | expr . '%' expr
   66     | expr . '%' expr

    OR   偏移，並進入狀態 93
    AN   偏移，並進入狀態 94
    '|'  偏移，並進入狀態 95
    '^'  偏移，並進入狀態 96
    '&'  偏移，並進入狀態 97
    '<'  偏移，並進入狀態 98
    '>'  偏移，並進入狀態 99
    GE   偏移，並進入狀態 100
    LE   偏移，並進入狀態 101
    NE   偏移，並進入狀態 102
    EQ   偏移，並進入狀態 103
    RS   偏移，並進入狀態 104
    LS   偏移，並進入狀態 105
    '+'  偏移，並進入狀態 106
    '-'  偏移，並進入狀態 107
    '*'  偏移，並進入狀態 108
    '/'  偏移，並進入狀態 109
    '%'  偏移，並進入狀態 110

    $預設  使用規則 86 以縮減 (O)

    O  進入狀態 185


狀態 185

   29 stmt: FOR '(' expr O ';' L expr M N ';' L expr O . N ')' L stmt

    $預設  使用規則 85 以縮減 (N)

    N  進入狀態 186


狀態 186

   29 stmt: FOR '(' expr O ';' L expr M N ';' L expr O N . ')' L stmt

    ')'  偏移，並進入狀態 187


狀態 187

   29 stmt: FOR '(' expr O ';' L expr M N ';' L expr O N ')' . L stmt

    $預設  使用規則 83 以縮減 (L)

    L  進入狀態 188


狀態 188

   29 stmt: FOR '(' expr O ';' L expr M N ';' L expr O N ')' L . stmt

    error   偏移，並進入狀態 36
    ID      偏移，並進入狀態 37
    INT8    偏移，並進入狀態 38
    INT16   偏移，並進入狀態 39
    INT32   偏移，並進入狀態 40
    FLT     偏移，並進入狀態 41
    STR     偏移，並進入狀態 42
    DO      偏移，並進入狀態 43
    FOR     偏移，並進入狀態 44
    IF      偏移，並進入狀態 45
    RETURN  偏移，並進入狀態 46
    WHILE   偏移，並進入狀態 47
    BREAK   偏移，並進入狀態 48
    '+'     偏移，並進入狀態 49
    '-'     偏移，並進入狀態 50
    '!'     偏移，並進入狀態 51
    '~'     偏移，並進入狀態 52
    NN      偏移，並進入狀態 53
    PP      偏移，並進入狀態 54
    '('     偏移，並進入狀態 55
    '{'     偏移，並進入狀態 56
    ';'     偏移，並進入狀態 58
    '$'     偏移，並進入狀態 59

    stmt  進入狀態 189
    expr  進入狀態 61


狀態 189

   29 stmt: FOR '(' expr O ';' L expr M N ';' L expr O N ')' L stmt .

    $預設  使用規則 29 以縮減 (stmt)
